--1 null { header: 
   { 'User-Agent': 'Mozilla/5.0 (Windows NT 6.1; WOW64) AppleWebKit/537.31 (KHTML, like Gecko) Chrome/26.0.1410.64 Safari/537.31',
     'X-Requested-With': 'XMLHttpRequest',
     'Content-Type': 'application/x-www-form-urlencoded;charset=utf-8',
     cookies: 'USRV5WB=usrmdins312_139; USRV36WB=usrmdins211174; _s_tentry=weibo.com; wvr=5;SUE=deleted; expires=Thu, 01-Jan-1970 00:00:01 GMT; path=/; domain=.weibo.com;SUP=deleted; expires=Thu, 01-Jan-1970 00:00:01 GMT; path=/; domain=.weibo.com;SSOLoginState=deleted; expires=Thu, 01-Jan-1970 00:00:01 GMT; path=/; domain=.weibo.com;ALF=deleted; expires=Thu, 01-Jan-1970 00:00:01 GMT; path=/; domain=.weibo.com;WEIBOALC=deleted; expires=Thu, 01-Jan-1970 00:00:01 GMT; path=/; domain=.weibo.com;UUG=usr431_32; path=/' },
  getShow: [Function],
  getFollow: [Function],
  getFans: [Function],
  getTimeline: [Function],
  getComment: [Function],
  searchUser: [Function],
  getSearch: [Function],
  getData: [Function],
  _decode: [Function] }
{ _readableState: 
   { highWaterMark: 16384,
     buffer: [],
     length: 0,
     pipes: null,
     pipesCount: 0,
     flowing: false,
     ended: true,
     endEmitted: true,
     reading: false,
     calledRead: true,
     sync: false,
     needReadable: true,
     emittedReadable: false,
     readableListening: false,
     objectMode: false,
     defaultEncoding: 'utf8',
     ranOut: false,
     awaitDrain: 0,
     readingMore: false,
     decoder: 
      { encoding: 'utf8',
        surrogateSize: 3,
        charBuffer: <Buffer 50 67 c2 00 08 00>,
        charReceived: 0,
        charLength: 0 },
     encoding: 'utf8' },
  readable: false,
  domain: null,
  _events: 
   { end: [ [Function: responseOnEnd], [Function] ],
     close: [ [Function], [Function] ],
     data: [Function],
     readable: [Function] },
  _maxListeners: 10,
  socket: 
   { _connecting: false,
     _handle: null,
     _readableState: 
      { highWaterMark: 16384,
        buffer: [],
        length: 0,
        pipes: null,
        pipesCount: 0,
        flowing: false,
        ended: false,
        endEmitted: false,
        reading: true,
        calledRead: true,
        sync: false,
        needReadable: true,
        emittedReadable: false,
        readableListening: false,
        objectMode: false,
        defaultEncoding: 'utf8',
        ranOut: false,
        awaitDrain: 0,
        readingMore: false,
        decoder: null,
        encoding: null },
     readable: false,
     domain: null,
     _events: 
      { end: [Object],
        finish: [Function: onSocketFinish],
        _socketEnd: [Function: onSocketEnd],
        free: [Function],
        close: [Object],
        agentRemove: [Function],
        drain: [Function: ondrain],
        error: [Object],
        connect: undefined },
     _maxListeners: 10,
     _writableState: 
      { highWaterMark: 16384,
        objectMode: false,
        needDrain: false,
        ending: true,
        ended: true,
        finished: true,
        decodeStrings: false,
        defaultEncoding: 'utf8',
        length: 0,
        writing: false,
        sync: false,
        bufferProcessing: false,
        onwrite: [Function],
        writecb: null,
        writelen: 0,
        buffer: [] },
     writable: false,
     allowHalfOpen: false,
     onend: null,
     destroyed: true,
     errorEmitted: false,
     bytesRead: 856,
     _bytesDispatched: 232,
     _pendingData: null,
     _pendingEncoding: '',
     parser: null,
     _httpMessage: 
      { domain: null,
        _events: [Object],
        _maxListeners: 10,
        output: [],
        outputEncodings: [],
        writable: true,
        _last: false,
        chunkedEncoding: false,
        shouldKeepAlive: false,
        useChunkedEncodingByDefault: false,
        sendDate: false,
        _hasBody: true,
        _trailer: '',
        finished: true,
        _hangupClose: false,
        socket: [Circular],
        connection: [Circular],
        agent: [Object],
        socketPath: undefined,
        method: 'GET',
        path: '/aj/mblog/mbloglist?page=1&uid=weather01&_wv=5',
        _headers: [Object],
        _headerNames: [Object],
        _header: 'GET /aj/mblog/mbloglist?page=1&uid=weather01&_wv=5 HTTP/1.1\r\nhost: weibo.com\r\ncookie: U_TRS1=00000059.63548f5.52cb8fdc.973b9c47; U_TRS2=00000059.64f48f5.52cb8fdc.7fc8e1e2; UUG=usr431_32\r\ncontent-length: 0\r\nConnection: keep-alive\r\n\r\n',
        _headerSent: true,
        parser: null,
        res: [Circular] },
     ondata: null,
     _idleNext: null,
     _idlePrev: null,
     _idleTimeout: -1 },
  connection: 
   { _connecting: false,
     _handle: null,
     _readableState: 
      { highWaterMark: 16384,
        buffer: [],
        length: 0,
        pipes: null,
        pipesCount: 0,
        flowing: false,
        ended: false,
        endEmitted: false,
        reading: true,
        calledRead: true,
        sync: false,
        needReadable: true,
        emittedReadable: false,
        readableListening: false,
        objectMode: false,
        defaultEncoding: 'utf8',
        ranOut: false,
        awaitDrain: 0,
        readingMore: false,
        decoder: null,
        encoding: null },
     readable: false,
     domain: null,
     _events: 
      { end: [Object],
        finish: [Function: onSocketFinish],
        _socketEnd: [Function: onSocketEnd],
        free: [Function],
        close: [Object],
        agentRemove: [Function],
        drain: [Function: ondrain],
        error: [Object],
        connect: undefined },
     _maxListeners: 10,
     _writableState: 
      { highWaterMark: 16384,
        objectMode: false,
        needDrain: false,
        ending: true,
        ended: true,
        finished: true,
        decodeStrings: false,
        defaultEncoding: 'utf8',
        length: 0,
        writing: false,
        sync: false,
        bufferProcessing: false,
        onwrite: [Function],
        writecb: null,
        writelen: 0,
        buffer: [] },
     writable: false,
     allowHalfOpen: false,
     onend: null,
     destroyed: true,
     errorEmitted: false,
     bytesRead: 856,
     _bytesDispatched: 232,
     _pendingData: null,
     _pendingEncoding: '',
     parser: null,
     _httpMessage: 
      { domain: null,
        _events: [Object],
        _maxListeners: 10,
        output: [],
        outputEncodings: [],
        writable: true,
        _last: false,
        chunkedEncoding: false,
        shouldKeepAlive: false,
        useChunkedEncodingByDefault: false,
        sendDate: false,
        _hasBody: true,
        _trailer: '',
        finished: true,
        _hangupClose: false,
        socket: [Circular],
        connection: [Circular],
        agent: [Object],
        socketPath: undefined,
        method: 'GET',
        path: '/aj/mblog/mbloglist?page=1&uid=weather01&_wv=5',
        _headers: [Object],
        _headerNames: [Object],
        _header: 'GET /aj/mblog/mbloglist?page=1&uid=weather01&_wv=5 HTTP/1.1\r\nhost: weibo.com\r\ncookie: U_TRS1=00000059.63548f5.52cb8fdc.973b9c47; U_TRS2=00000059.64f48f5.52cb8fdc.7fc8e1e2; UUG=usr431_32\r\ncontent-length: 0\r\nConnection: keep-alive\r\n\r\n',
        _headerSent: true,
        parser: null,
        res: [Circular] },
     ondata: null,
     _idleNext: null,
     _idlePrev: null,
     _idleTimeout: -1 },
  httpVersion: '1.1',
  complete: true,
  headers: 
   { server: 'nginx',
     date: 'Tue, 07 Jan 2014 05:25:48 GMT',
     'content-type': 'text/html; charset=utf-8',
     'transfer-encoding': 'chunked',
     connection: 'close',
     'cache-control': 'no-cache, must-revalidate',
     expires: 'Sat, 26 Jul 1997 05:00:00 GMT',
     pragma: 'no-cache',
     p3p: 'CP="CURa ADMa DEVa PSAo PSDo OUR BUS UNI PUR INT DEM STA PRE COM NAV OTC NOI DSP COR"',
     'set-cookie': 
      [ 'wvr=deleted; expires=Thu, 01-Jan-1970 00:00:01 GMT; path=/; domain=.weibo.com',
        'SUE=deleted; expires=Thu, 01-Jan-1970 00:00:01 GMT; path=/; domain=.weibo.com',
        'SUP=deleted; expires=Thu, 01-Jan-1970 00:00:01 GMT; path=/; domain=.weibo.com',
        'UV5=usr313_120; path=/' ],
     location: 'http://weibo.com/login.php?url=http%3A%2F%2Fweibo.com',
     dpool_header: 'alice120',
     'sina-lb': 'aGEuMTg5LmcxLnRjLmxiLnNpbmFub2RlLmNvbQ==',
     'sina-ts': 'ODllZjlhY2UgMCAwIDAgMzggMgo=' },
  trailers: {},
  _pendings: [],
  _pendingIndex: 0,
  url: '',
  method: null,
  statusCode: 302,
  client: 
   { _connecting: false,
     _handle: null,
     _readableState: 
      { highWaterMark: 16384,
        buffer: [],
        length: 0,
        pipes: null,
        pipesCount: 0,
        flowing: false,
        ended: false,
        endEmitted: false,
        reading: true,
        calledRead: true,
        sync: false,
        needReadable: true,
        emittedReadable: false,
        readableListening: false,
        objectMode: false,
        defaultEncoding: 'utf8',
        ranOut: false,
        awaitDrain: 0,
        readingMore: false,
        decoder: null,
        encoding: null },
     readable: false,
     domain: null,
     _events: 
      { end: [Object],
        finish: [Function: onSocketFinish],
        _socketEnd: [Function: onSocketEnd],
        free: [Function],
        close: [Object],
        agentRemove: [Function],
        drain: [Function: ondrain],
        error: [Object],
        connect: undefined },
     _maxListeners: 10,
     _writableState: 
      { highWaterMark: 16384,
        objectMode: false,
        needDrain: false,
        ending: true,
        ended: true,
        finished: true,
        decodeStrings: false,
        defaultEncoding: 'utf8',
        length: 0,
        writing: false,
        sync: false,
        bufferProcessing: false,
        onwrite: [Function],
        writecb: null,
        writelen: 0,
        buffer: [] },
     writable: false,
     allowHalfOpen: false,
     onend: null,
     destroyed: true,
     errorEmitted: false,
     bytesRead: 856,
     _bytesDispatched: 232,
     _pendingData: null,
     _pendingEncoding: '',
     parser: null,
     _httpMessage: 
      { domain: null,
        _events: [Object],
        _maxListeners: 10,
        output: [],
        outputEncodings: [],
        writable: true,
        _last: false,
        chunkedEncoding: false,
        shouldKeepAlive: false,
        useChunkedEncodingByDefault: false,
        sendDate: false,
        _hasBody: true,
        _trailer: '',
        finished: true,
        _hangupClose: false,
        socket: [Circular],
        connection: [Circular],
        agent: [Object],
        socketPath: undefined,
        method: 'GET',
        path: '/aj/mblog/mbloglist?page=1&uid=weather01&_wv=5',
        _headers: [Object],
        _headerNames: [Object],
        _header: 'GET /aj/mblog/mbloglist?page=1&uid=weather01&_wv=5 HTTP/1.1\r\nhost: weibo.com\r\ncookie: U_TRS1=00000059.63548f5.52cb8fdc.973b9c47; U_TRS2=00000059.64f48f5.52cb8fdc.7fc8e1e2; UUG=usr431_32\r\ncontent-length: 0\r\nConnection: keep-alive\r\n\r\n',
        _headerSent: true,
        parser: null,
        res: [Circular] },
     ondata: null,
     _idleNext: null,
     _idlePrev: null,
     _idleTimeout: -1 },
  _consuming: true,
  _dumped: false,
  httpVersionMajor: 1,
  httpVersionMinor: 1,
  upgrade: false,
  req: 
   { domain: null,
     _events: 
      { response: undefined,
        socket: undefined,
        error: [Function],
        drain: [Function] },
     _maxListeners: 10,
     output: [],
     outputEncodings: [],
     writable: true,
     _last: false,
     chunkedEncoding: false,
     shouldKeepAlive: false,
     useChunkedEncodingByDefault: false,
     sendDate: false,
     _hasBody: true,
     _trailer: '',
     finished: true,
     _hangupClose: false,
     socket: 
      { _connecting: false,
        _handle: null,
        _readableState: [Object],
        readable: false,
        domain: null,
        _events: [Object],
        _maxListeners: 10,
        _writableState: [Object],
        writable: false,
        allowHalfOpen: false,
        onend: null,
        destroyed: true,
        errorEmitted: false,
        bytesRead: 856,
        _bytesDispatched: 232,
        _pendingData: null,
        _pendingEncoding: '',
        parser: null,
        _httpMessage: [Circular],
        ondata: null,
        _idleNext: null,
        _idlePrev: null,
        _idleTimeout: -1 },
     connection: 
      { _connecting: false,
        _handle: null,
        _readableState: [Object],
        readable: false,
        domain: null,
        _events: [Object],
        _maxListeners: 10,
        _writableState: [Object],
        writable: false,
        allowHalfOpen: false,
        onend: null,
        destroyed: true,
        errorEmitted: false,
        bytesRead: 856,
        _bytesDispatched: 232,
        _pendingData: null,
        _pendingEncoding: '',
        parser: null,
        _httpMessage: [Circular],
        ondata: null,
        _idleNext: null,
        _idlePrev: null,
        _idleTimeout: -1 },
     agent: 
      { domain: null,
        _events: [Object],
        _maxListeners: 10,
        options: {},
        requests: {},
        sockets: [Object],
        maxSockets: 5,
        createConnection: [Function] },
     socketPath: undefined,
     method: 'GET',
     path: '/aj/mblog/mbloglist?page=1&uid=weather01&_wv=5',
     _headers: 
      { host: 'weibo.com',
        cookie: 'U_TRS1=00000059.63548f5.52cb8fdc.973b9c47; U_TRS2=00000059.64f48f5.52cb8fdc.7fc8e1e2; UUG=usr431_32',
        'content-length': 0 },
     _headerNames: 
      { host: 'host',
        cookie: 'cookie',
        'content-length': 'content-length' },
     _header: 'GET /aj/mblog/mbloglist?page=1&uid=weather01&_wv=5 HTTP/1.1\r\nhost: weibo.com\r\ncookie: U_TRS1=00000059.63548f5.52cb8fdc.973b9c47; U_TRS2=00000059.64f48f5.52cb8fdc.7fc8e1e2; UUG=usr431_32\r\ncontent-length: 0\r\nConnection: keep-alive\r\n\r\n',
     _headerSent: true,
     parser: null,
     res: [Circular] },
  request: 
   { domain: null,
     _events: 
      { error: [Function],
        complete: [Function],
        pipe: [Object],
        end: [Object],
        data: [Function] },
     _maxListeners: 10,
     readable: true,
     writable: true,
     uri: 
      { protocol: 'http:',
        slashes: true,
        auth: null,
        host: 'weibo.com',
        port: null,
        hostname: 'weibo.com',
        hash: null,
        search: '?page=1&uid=weather01&_wv=5',
        query: 'page=1&uid=weather01&_wv=5',
        pathname: '/aj/mblog/mbloglist',
        path: '/aj/mblog/mbloglist?page=1&uid=weather01&_wv=5',
        href: 'http://weibo.com/aj/mblog/mbloglist?page=1&uid=weather01&_wv=5' },
     method: 'get',
     followRedirect: false,
     encoding: 'utf8',
     header: 
      { 'User-Agent': 'Mozilla/5.0 (Windows NT 6.1; WOW64) AppleWebKit/537.31 (KHTML, like Gecko) Chrome/26.0.1410.64 Safari/537.31',
        'X-Requested-With': 'XMLHttpRequest',
        'Content-Type': 'application/x-www-form-urlencoded;charset=utf-8',
        cookies: 'USRV5WB=usrmdins312_139; USRV36WB=usrmdins211174; _s_tentry=weibo.com; wvr=5;SUE=deleted; expires=Thu, 01-Jan-1970 00:00:01 GMT; path=/; domain=.weibo.com;SUP=deleted; expires=Thu, 01-Jan-1970 00:00:01 GMT; path=/; domain=.weibo.com;SSOLoginState=deleted; expires=Thu, 01-Jan-1970 00:00:01 GMT; path=/; domain=.weibo.com;ALF=deleted; expires=Thu, 01-Jan-1970 00:00:01 GMT; path=/; domain=.weibo.com;WEIBOALC=deleted; expires=Thu, 01-Jan-1970 00:00:01 GMT; path=/; domain=.weibo.com;UUG=usr431_32; path=/' },
     callback: [Function],
     pool: {},
     dests: [],
     __isRequestRequest: true,
     _callback: [Function],
     _redirectsFollowed: 0,
     maxRedirects: 10,
     followAllRedirects: false,
     headers: 
      { cookie: 'U_TRS1=00000059.63548f5.52cb8fdc.973b9c47; U_TRS2=00000059.64f48f5.52cb8fdc.7fc8e1e2; UUG=usr431_32',
        'content-length': 0 },
     setHost: true,
     originalCookieHeader: undefined,
     _jar: undefined,
     port: 80,
     host: 'weibo.com',
     clientErrorHandler: [Function],
     _parserErrorHandler: [Function],
     url: 
      { protocol: 'http:',
        slashes: true,
        auth: null,
        host: 'weibo.com',
        port: null,
        hostname: 'weibo.com',
        hash: null,
        search: '?page=1&uid=weather01&_wv=5',
        query: 'page=1&uid=weather01&_wv=5',
        pathname: '/aj/mblog/mbloglist',
        path: '/aj/mblog/mbloglist?page=1&uid=weather01&_wv=5',
        href: 'http://weibo.com/aj/mblog/mbloglist?page=1&uid=weather01&_wv=5' },
     path: '/aj/mblog/mbloglist?page=1&uid=weather01&_wv=5',
     httpModule: 
      { parsers: [Object],
        STATUS_CODES: [Object],
        IncomingMessage: [Object],
        OutgoingMessage: [Object],
        ServerResponse: [Object],
        Agent: [Object],
        globalAgent: [Object],
        ClientRequest: [Object],
        request: [Function],
        get: [Function],
        Server: [Object],
        createServer: [Function],
        _connectionListener: [Function: connectionListener],
        Client: [Function: deprecated],
        createClient: [Function: deprecated] },
     agentClass: { [Function: Agent] super_: [Object], defaultMaxSockets: 5 },
     agent: 
      { domain: null,
        _events: [Object],
        _maxListeners: 10,
        options: {},
        requests: {},
        sockets: [Object],
        maxSockets: 5,
        createConnection: [Function] },
     _started: true,
     href: 'http://weibo.com/aj/mblog/mbloglist?page=1&uid=weather01&_wv=5',
     req: 
      { domain: null,
        _events: [Object],
        _maxListeners: 10,
        output: [],
        outputEncodings: [],
        writable: true,
        _last: false,
        chunkedEncoding: false,
        shouldKeepAlive: false,
        useChunkedEncodingByDefault: false,
        sendDate: false,
        _hasBody: true,
        _trailer: '',
        finished: true,
        _hangupClose: false,
        socket: [Object],
        connection: [Object],
        agent: [Object],
        socketPath: undefined,
        method: 'GET',
        path: '/aj/mblog/mbloglist?page=1&uid=weather01&_wv=5',
        _headers: [Object],
        _headerNames: [Object],
        _header: 'GET /aj/mblog/mbloglist?page=1&uid=weather01&_wv=5 HTTP/1.1\r\nhost: weibo.com\r\ncookie: U_TRS1=00000059.63548f5.52cb8fdc.973b9c47; U_TRS2=00000059.64f48f5.52cb8fdc.7fc8e1e2; UUG=usr431_32\r\ncontent-length: 0\r\nConnection: keep-alive\r\n\r\n',
        _headerSent: true,
        parser: null,
        res: [Circular] },
     ntick: true,
     response: [Circular],
     _ended: true },
  toJSON: [Function: toJSON],
  pipe: [Function],
  addListener: [Function],
  on: [Function],
  pause: [Function],
  resume: [Function],
  read: [Function] }
-- 302
