
=== 广西气象 ===

[ { content: '\n                                    【广西多云天气 温差大注意及时加衣】今天白天到晚上，全区多云到晴。南宁市：多云，16-22℃。16日，全区多云到阴天。拨打400-6000-121气象服务热线及时反馈您对气象服务的意见、建议以及合作等信息。http://t.cn/aWNemz                        ',
    time: '1384475090000',
    from: '360安全浏览器',
    commentNum: 0,
    zhuanfaNum: '3',
    img: [] },
  { content: '\n                                    【胃肠不好巧喝粗粮粥】粗粮对身体有益处，但吃法也有讲究哦。哈尔滨医科大学高级营养师陈英云表示，胃肠不好的人要做到粗粮细吃，食物要求以“软烂”为宜，煮粥吃更易消化。小米最适合熬粥，有健胃和中的作用，益五脏，补虚损，适合胃肠不好的人群食用。 http://t.cn/aWNemz                        ',
    time: '1384430060000',
    from: '新浪微博',
    commentNum: 0,
    zhuanfaNum: '6',
    img: [] },
  { content: '\n                                    【明天秋阳“露脸” 白天暖和干燥】今晚到明天，全区多云到晴。 16日，全区多云到阴天。南宁市：今晚到明天，多云，气温14-22℃。明天全区天气较为干燥，爱美的mm们“恨恨”滴补水吧！http://t.cn/aWNemz                        ',
    time: '1384422893000',
    from: '专业版微博',
    commentNum: 0,
    zhuanfaNum: '3',
    img: [] },
  { content: '\n                                    【广西大部多云天气 早晚气温较低请注意保暖】今天白天到晚上，百色、河池、玉林、梧州等市的部分地区小雨转阴天，我区其它地区阴到多云。拨打400-6000-121气象服务热线及时反馈您对气象服务的意见、建议以及合作等信息。http://t.cn/aWNemz                        ',
    time: '1384389036000',
    from: '专业版微博',
    commentNum: '1',
    zhuanfaNum: '7',
    img: [] },
  { content: '\n                                    【一起来挑水果】1.草莓：别太红，红里带白点最甜；2.木瓜：挑鼓肚子，斑点多，微黄偏硬为佳；3.甜橙：要捡沉手的，表皮润滑，底部有“圈”的；4.芒果：挑饱满，圆润且不软不硬；5.苹果：挑黄里透红，有红丝，“肚脐”深陷的；6.香蕉：不要挑两头绿色，要圆润无棱。http://t.cn/aWNemz                        ',
    time: '1384347779000',
    from: '新浪微博',
    commentNum: '1',
    zhuanfaNum: '14',
    img: [] },
  { content: '\n                                    【广西回归晴天模式 气温较低需注意添衣】两天内，全区多云到晴。南宁市：今晚到明天，多云，偏东风1-2级，最低气温14℃，最高气温21℃。http://t.cn/aWNemz                        ',
    time: '1384337315000',
    from: '360浏览器超速版',
    commentNum: 0,
    zhuanfaNum: '4',
    img: [] },
  { content: '\n                                    【盘点台风“海燕”的一生5大特点】1、强度之强历史罕见；2、移动速度之快历史罕见；3、路径北翘东折程度历史罕见；4、风雨强度之强历史罕见；5、影响时间偏晚历史罕见。http://t.cn/8DDXacV                        ',
    time: '1384332188000',
    from: '360浏览器超速版',
    commentNum: '1',
    zhuanfaNum: '5',
    img: [] },
  { content: '\n                                    【全区阴到多云 宜洗衣晒被出行】今天白天到晚上，全区阴到多云。 14日，桂南部分地区有小雨，我区其它地区多云转阴。南宁市：今天白天到晚上，多云，气 温13-21℃。 拨打400-6000-121气象服务热线及时反馈您对气象服务的意见、建议以及合作等信息。 http://t.cn/aWNemz                        ',
    time: '1384302282000',
    from: '专业版微博',
    commentNum: 0,
    zhuanfaNum: '9',
    img: [] },
  { content: '\n                                    【酸奶多喝不一定减肥】酸奶中含有丰富的活性乳酸菌能够调节体内菌群，促进肠道蠕动；喝酸奶还能起到一定的饱腹作用，可以降低食欲。可见喝酸奶能有减肥，但是酸奶本身也有一定的热量，有的甚至比牛奶还高。它也并不是多喝就能减肥。http://t.cn/aWNemz                        ',
    time: '1384256778000',
    from: '新浪微博',
    commentNum: 0,
    zhuanfaNum: '5',
    img: 
     [ 'http://ww1.sinaimg.cn/square/827f37b7gw1eaih5chqnpj20sg0iztcp.jpg',
       'http://ww1.sinaimg.cn/square/827f37b7gw1eaih5chqnpj20sg0iztcp.jpg' ] },
  { content: '\n                                    【广西大部雨过天晴 明天桂东南还有小雨】今晚到明天，玉林、贵港、梧州等市的部分地区有小雨， 其它地区多云。14日，桂南部分地区有小雨，我区其它地区多云转阴。南宁市：今晚到明天，多云，气温15-22℃。 http://t.cn/aWNemz                        ',
    time: '1384249145000',
    from: '360浏览器超速版',
    commentNum: '1',
    zhuanfaNum: '2',
    img: [] } ]

=== 气象北京 ===

[ { content: '【亲，你怎么看？】有人说“天气预报，胡说八道”，也有人说天气预报是“人前关云长，事后诸葛亮”。气象万千，风云莫测，我们一直在努力，就是不知道你老人家满意不满意？亲，点开连接，http://t.cn/zR0AaqI ，告诉我们，天气预报与服务，你怎么看？',
    time: '1383614205000',
    from: 'FaWave',
    commentNum: '29',
    zhuanfaNum: '20',
    img: [] },
  { content: '【北京供暖遇到问题怎么办？】',
    time: '1384486113000',
    from: '皮皮时光机专业版微博',
    commentNum: '4',
    zhuanfaNum: '33',
    img: [ 'http://ww1.sinaimg.cn/thumbnail/652f5916jw1ealjhdqn0tj20q21f5nb3.jpg' ] },
  { content: '【午后暖阳伴 北风夜扣窗】下午天空以晴为主，风力不大，最高气温15℃，阳光温暖舒适。但目前正有一股较强冷空气在蒙古国地区聚集，并将于明天凌晨抵京。受其影响，今夜京城又将迎来四五级北风，最低气温3℃。未来两天北风扰动北京，气温也随之下降。小编将密切注视冷空气活动，随时向各位看官报告。',
    time: '1384484428000',
    from: '专业版微博',
    commentNum: '8',
    zhuanfaNum: '14',
    img: [] },
  { content: '11月15日8时发布今天白天到夜间北京地区空气污染气象条件预报',
    time: '1384473675000',
    from: 'FaWave',
    commentNum: '1',
    zhuanfaNum: '3',
    img: [ 'http://ww2.sinaimg.cn/thumbnail/9bab7467jw1ealdno5fcij20ia0o0whe.jpg' ] },
  { content: '【周五到了 双休日还会远吗？】起床了！新的一天开始了！报告一个好消息，今天是本周最后一个工作日，天气不错呦，蓝天白云如昨，风力不大，最高气温可达15℃，适宜通风换气、出门活动晒太阳，不过，后半夜天气转阴，风力又将加大到四五级，最低气温3℃。明后天风力都不小，这个双休日不太好过啊~',
    time: '1384468059000',
    from: 'FaWave',
    commentNum: '25',
    zhuanfaNum: '79',
    img: [] },
  { content: '11月14日17时发布今天夜间到明天白天北京地区空气污染气象条件预报，明天早晨气温只有0℃左右，外出注意保暖。',
    time: '1384419630000',
    from: 'FaWave',
    commentNum: '3',
    zhuanfaNum: '8',
    img: [ 'http://ww1.sinaimg.cn/thumbnail/9bab7467jw1eaknmg9fjrj20h10mn417.jpg' ] } ]

=== 河北天气 ===

[ { content: '【11月15日11时河北各地空气质量排行榜】请参看下表！',
    time: '1384486808000',
    from: '专业版微博',
    commentNum: '11',
    zhuanfaNum: '27',
    img: [ 'http://ww2.sinaimg.cn/thumbnail/81630215tw1ealjze48gbj208c08cdgw.jpg' ] },
  { content: '【省气象台11月15日11时发布大风降温警报！】受从蒙古南下的冷空气影响，明天（16日）早晨开始，保定、廊坊以北地区有西北风５到６级，阵风７级，其他地区有西北风４到５级，明天中午前后开始，我省沿岸海域及沿海地区有偏北风７到８级，17日-18日早晨，全省最低气温普遍下降4-6℃，局地6-8℃以上。',
    time: '1384484180000',
    from: '专业版微博',
    commentNum: '6',
    zhuanfaNum: '13',
    img: [ 'http://ww1.sinaimg.cn/thumbnail/81630215tw1ealipsrtaqj20xc0eiq4a.jpg' ] },
  { content: '好多的小伙伴询问什么天气手机客户端最权威，最准确！没办法，只好推荐 @中国天气通 http://t.cn/zOKl2yU',
    time: '1384483505000',
    from: '专业版微博',
    commentNum: 0,
    zhuanfaNum: '1',
    img: [ 'http://ww1.sinaimg.cn/thumbnail/81630215tw1ealidg5c9fj20qo05t759.jpg' ] },
  { content: '【冬季养生要注重于“藏”】意思是人在冬季要保持精神安静，遇到不顺心的事情要学会调控不良情绪，以保持心态平和。同时要多晒太阳。因为冬季天黑的早，光照时间短也是易使人产生抑郁情绪的一个原因，因黑夜来临时人体大脑松果体的褪黑激素分泌增强能影响人的情绪，而光照可抑制此激素的分泌。（转）',
    time: '1384482128000',
    from: '专业版微博',
    commentNum: '1',
    zhuanfaNum: '5',
    img: [ 'http://ww1.sinaimg.cn/thumbnail/81630215tw1ealhpvax9hj20c80epdgc.jpg' ] },
  { content: '【素食养生：冬季必吃的四种素食】经过秋高气爽的季节，我们迎来了万物闭藏的初冬。民间有“冬季进补，春季打虎”的谚语，冬季是饮食补养最好的季节，但应该如何补呢?中医认为对应五行的原则，冬季养生应以补“黑”为主，如多吃一些黑豆、黑芝麻、黑米、黑木耳等黑色的食物。（转）',
    time: '1384481065000',
    from: '专业版微博',
    commentNum: '3',
    zhuanfaNum: '12',
    img: [ 'http://ww2.sinaimg.cn/thumbnail/81630215tw1ealh770jdvj20dw08c750.jpg' ] } ]

=== 中国兴农网 ===

[ { content: '【黔江引种法国紫生菜获成功】“我这生菜从叶子到根部都是纯黑色，黑得发亮，周围的村民都感到稀奇，投来羡慕的眼光，”重庆市黔江区阿蓬江镇高碛村4组，蔬菜种植大户杨秀如，一边在一片黑色生菜地里拔杂草，一边十分得意地宣告自己引种成功。 http://t.cn/8DFLwUa',
    time: '1384483269000',
    from: '专业版微博',
    commentNum: '1',
    zhuanfaNum: '1',
    img: [ 'http://ww3.sinaimg.cn/thumbnail/7da0293djw1ealia0x8p0j20dd0a140e.jpg' ] },
  { content: '【日媒曝光人造霜降牛肉过程】据日本《朝日新闻》11月12日报道，近日，日本一些酒店的食材造假问题相继被曝光。一些商家使用“注入牛脂的肉”制作牛排冒充高档的“霜降牛肉”。使用注入牛脂的肉并不违法，但其价格远低于真正的“霜降牛肉”，这也是很多商家没有在标明的原因。 http://t.cn/8DFZTrs',
    time: '1384480045000',
    from: '专业版微博',
    commentNum: 0,
    zhuanfaNum: 0,
    img: [ 'http://ww1.sinaimg.cn/thumbnail/7da0293djw1ealgq43a7tj20ak0daq3w.jpg' ] },
  { content: '【2013年棉花主产区大部气象条件总体好于常年】据中央气象台全国棉花全生育期农业气象条件评价分析，2013年棉花生育期内，主产区大部光温较为适宜、降水充沛，气象条件总体好于常年。但在新疆西部、黄河流域、长江流域部分棉区因气象因素导致产量和品质下降。 http://t.cn/8DFz5B5',
    time: '1384478614000',
    from: '专业版微博',
    commentNum: 0,
    zhuanfaNum: '1',
    img: [ 'http://ww2.sinaimg.cn/thumbnail/7da0293djw1ealg1awirlj20d70angn2.jpg' ] },
  { content: '【休闲农业综合功能】袁隆平院士在世界休闲农业高峰论坛发言中，提出充分发挥休闲农业的综合功能，概括如下：一、必须注重发挥休闲农业的经济功能；二、必须注重发挥休闲农业的生态功能；三、必须注重发挥休闲农业的科技推广功能；四、必须注重发挥休闲农业的教育引导功能。 http://t.cn/8DFPgAQ',
    time: '1384475468000',
    from: '专业版微博',
    commentNum: 0,
    zhuanfaNum: 0,
    img: [ 'http://ww3.sinaimg.cn/thumbnail/7da0293djw1ealeipxcv4j20dc0a0dgu.jpg' ] },
  { content: '【牛价为啥越来越牛】又一年入冬，牛羊肉消费进入高峰期。面对着热气蒸腾的火锅，您可知道这一筷子夹起的肥牛，价格天天都在刷新？在牛肉价格一路小跑的节奏下，专家判断短期很难划下休止符。商务部全国鲜牛肉批发价格显示：11月1日的价格是52.68元/公斤，已经是全年的最高值。 http://t.cn/8DFPmbl',
    time: '1384475267000',
    from: '专业版微博',
    commentNum: 0,
    zhuanfaNum: '3',
    img: [ 'http://ww3.sinaimg.cn/thumbnail/7da0293djw1ealdwgrd84j20dc09b74s.jpg' ] } ]

=== 江苏气象 ===

[ { content: '#生活与气象# 【冬季常见坚果食疗功效】1.栗子“肾之果”,2.开心果心脏“保镖”,3.榛子坚果之王,4.葵花子保护心血管,5.核桃抗氧化之王,6.甜杏仁抗癌之果. 详情:http://t.cn/8DFArtN',
    time: '1384482123000',
    from: '微话题',
    commentNum: 0,
    zhuanfaNum: '5',
    img: [ 'http://ww2.sinaimg.cn/thumbnail/851d0078gw1ealhq43t5vj20ci08b3z4.jpg' ] },
  { content: '#全省天气# 【晴好】今天下午到夜里全省晴到多云,偏西风4级左右,今天最高温度:全省17-18℃,明晨最低温度:淮北地区5-6℃，其它地区8℃左右.全省今天晴好,中午是秋天进行时,早晚又是冬天的节奏,小伙伴们可以尽情享受午后阳光,再过阵子双十一屯起的围巾厚外套就可以派上用场啦!',
    time: '1384481573000',
    from: '微话题',
    commentNum: '1',
    zhuanfaNum: '2',
    img: [ 'http://ww2.sinaimg.cn/thumbnail/851d0078gw1ealhghcysvj209a0duq3k.jpg' ] },
  { content: '#城市天气#【未来三天天气晴好 气温下降】今天全省晴到多云，一大早阳光明媚甚是惬意，未来三天天气都不错，不过降温也将以冷空气之名而来！17日早晨淮北地区最低温度只有2-3℃，18日早晨1-2℃，果断冬天的节奏！又到了唯有棉衣可以赐予我力量的季节，亲们封藏已久的秋衣秋裤棉衣啥的可以解除封印了！',
    time: '1384477975000',
    from: '专业版微博',
    commentNum: '2',
    zhuanfaNum: '10',
    img: [ 'http://ww4.sinaimg.cn/thumbnail/851d0078gw1ealfmi7eg1j20i10l9mzv.jpg' ] },
  { content: '全省今天晴到多云 http://t.cn/8DksRid',
    time: '1384470976000',
    from: '新浪视频',
    commentNum: 0,
    zhuanfaNum: '1',
    img: [ 'http://ww2.sinaimg.cn/thumbnail/851d0078jw1ealccva1hqj203102idfn.jpg' ] },
  { content: '#全省天气#【大雾警报】全省今天晴到多云，其中江淮之间东部以及沿江大部分地区今晨有雾或浓雾，请大家注意行车安全。全省偏西风4级左右，今最高温度：全省17-18℃，明晨最低温度：淮北地区5-6℃，其它地区8℃左右。近期气温较低，建议大家多晒太阳、多运动、多吃温性的食物，早晚出行需注意防风保暖。',
    time: '1384468145000',
    from: '专业版微博',
    commentNum: 0,
    zhuanfaNum: '5',
    img: [ 'http://ww3.sinaimg.cn/thumbnail/851d0078gw1ealaz9rw4lj20e609fdh3.jpg' ] } ]

=== 湖南省天气 ===

[ { content: '#天气微主播•Winddy#告诉您：【今年首个大雾红色预警拉响 注意交通安全】今晨，湖南76县市雾茫茫，其中花垣、株洲等23地能见度在500米或以下。交警提醒市民，驾车减速慢行，开启防雾灯。预计未来三天湖南天气转好气温回升，但清晨大雾仍将袭扰，请关注大雾预警预报，多加防御。http://t.cn/8DF4v0d',
    time: '1384486022000',
    from: '人民微管家',
    commentNum: '1',
    zhuanfaNum: 0,
    img: [] },
  { content: '#天气微主播•Winddy#提醒您：【大雾天行车需注意】今晨长沙、自治州、张家界已出现能见度低于50米的大雾。出门前，应将挡风玻璃、车头灯和尾灯擦干净，检查灯光、制动等安全设施是否齐全有效；严格遵守交通规则限速行驶；不要用远光灯；适时靠边停车；勤用喇叭；保持车距；切忌盲目超车；不要急刹车。',
    time: '1384478346000',
    from: '人民微管家',
    commentNum: 0,
    zhuanfaNum: 0,
    img: [] },
  { content: '早安。我们已经开通了官方微信，大家可以扫一扫下面的二维码关注我们的微信，及时了解气象资讯。',
    time: '1384475288000',
    from: '人民微管家',
    commentNum: 0,
    zhuanfaNum: 0,
    img: [ 'http://ww2.sinaimg.cn/thumbnail/8186d166jw1ealefmy2k6j208a086dgc.jpg' ] },
  { content: '请特别注意，大雾红色预警：目前长沙、自治州、张家界已出现能见度低于50米的大雾，预计未来3-5小时内雾还将持续并发展。能见度较低，请注意防范。湖南省气象台11月15日07时55分',
    time: '1384474421000',
    from: '',
    commentNum: 0,
    zhuanfaNum: '1',
    img: [] },
  { content: '大雾红色预警：目前长沙、自治州、张家界已出现能见度低于50米的大雾，预计未来3-5小时内雾还将持续并发展。能见度较低，请注意防范。湖南省气象台11月15日07时55分',
    time: '1384474301000',
    from: '',
    commentNum: '2',
    zhuanfaNum: '6',
    img: [] } ]

=== 江淮气象 ===

[ { content: '【“躲避电子眼”各种高招都是瞎掰】最近各种逃避电子眼的高招又在微信上火了，称只要照着执行就可以躲开电子警察。交警部门表示，这些说法都不可靠，千万不要信，以免造成不必要的损失和麻烦。 http://t.cn/8DFy9el ',
    time: '1384484722000',
    from: '百度分享',
    commentNum: 0,
    zhuanfaNum: '2',
    img: [ 'http://ww2.sinaimg.cn/thumbnail/858533fajw1ealiz8sstrj208905wq3b.jpg' ] },
  { content: '【手机APP“PM2.5”指数不一】合肥环保局：大家关注‘PM2.5’还是应该以环保局的官网发布数据为准，市场上那些手机软件发布的数据很杂乱，一般来说不太靠谱。”城市的“PM2.5”值是通过多个监测点数据综合得出的。 http://t.cn/8DFybxw ',
    time: '1384484531000',
    from: '百度分享',
    commentNum: 0,
    zhuanfaNum: '1',
    img: [ 'http://ww4.sinaimg.cn/thumbnail/858533fajw1ealivv7846j20dw0afdgu.jpg' ] },
  { content: '小伙伴们,今天你响了没有？',
    time: '1384482122000',
    from: '皮皮时光机微博AIR',
    commentNum: 0,
    zhuanfaNum: '2',
    img: [ 'http://ww1.sinaimg.cn/thumbnail/8804675cjw1ealhp4m9bbj20cs14kjxq.jpg' ] },
  { content: '“蔡定锷的猫”从盒子里跑出来了……',
    time: '1384479884000',
    from: '云中小鸟微博AIR',
    commentNum: '1',
    zhuanfaNum: 0,
    img: [ 'http://ww4.sinaimg.cn/thumbnail/84eb7302jw1ealgl5rvc1j20by11ojt7.jpg' ] },
  { content: '减肥的菇凉们看过来',
    time: '1384479411000',
    from: '新浪微博微博AIR',
    commentNum: 0,
    zhuanfaNum: '1',
    img: [ 'http://ww2.sinaimg.cn/thumbnail/69bdf737jw1ealg79pv6oj20c8109qav.jpg' ] } ]

=== 四川气象 ===

[ { content: '【四川省气象台11月15日08时发布空气污染气象条件预报】11月15日08时到16日08时：川西高原空气污染气象条件非常有利于空气污染物稀释、扩散和清除，盆地及攀西地区部分地方的空气污染气象条件较有利于空气污染物稀释、扩散和清除。',
    time: '1384474765000',
    from: '专业版微博',
    commentNum: 0,
    zhuanfaNum: '2',
    img: [ 'http://ww2.sinaimg.cn/thumbnail/80ff897cgw1eale6injnoj20ff0cymy7.jpg' ] },
  { content: '【天气预报】今天白天到晚上：盆地西南部、南部阴天间多云，部分地方有零星小雨，盆地其余地方多云间阴；川西高原和攀西地区多云天气为主，其中凉山州东北部阴天间多云有零星小雨。24小时内，盆地最高气温：北部17到20度，南部15到17度；最低气温：北部7到10度，南部10到12度。',
    time: '1384474649000',
    from: '专业版微博',
    commentNum: 0,
    zhuanfaNum: '3',
    img: [ 'http://ww4.sinaimg.cn/thumbnail/80ff897cgw1eale4ixq48j20et0c7t9h.jpg' ] },
  { content: '【08时天气实况】天气终于慢慢的转好了，尽情享受这难得的好天气吧，不要错过每一分钟喔。',
    time: '1384474582000',
    from: '专业版微博',
    commentNum: 0,
    zhuanfaNum: '2',
    img: [ 'http://ww3.sinaimg.cn/thumbnail/80ff897cgw1eale3d7km9j20ek0g8dgw.jpg' ] },
  { content: '【四川省气象台11月14日16时发布空气污染气象条件预报】11月14日20时到15日20时：川西高原空气污染气象条件非常有利于空气污染物稀释、扩散和清除，盆地及攀西地区大部地方的空气污染气象条件较有利于空气污染物稀释、扩散和清除。',
    time: '1384419713000',
    from: '专业版微博',
    commentNum: 0,
    zhuanfaNum: 0,
    img: [ 'http://ww3.sinaimg.cn/thumbnail/80ff897cgw1eaknnvx3wej20ft0c6t9n.jpg' ] },
  { content: '【24小时天气预报】14日晚上到明天白天：盆地西南部、南部阴天间多云，有零星小雨，盆地其余各市多云间阴天；甘孜州东部、凉山州东北部阴天间多云，有零星小雨，川西高原和攀西其余地方多云间晴。24小时内，盆地最低气温：北部8-10℃，南部10-12℃；最高气温：北部17-20℃，南部15-17℃。',
    time: '1384419530000',
    from: '专业版微博',
    commentNum: 0,
    zhuanfaNum: 0,
    img: [ 'http://ww1.sinaimg.cn/thumbnail/80ff897cgw1eaknkkovbwj20fy0f1wfh.jpg' ] } ]

=== 黑龙江省气象服务中心 ===

[ { content: '【大到暴雪预报】16号夜间到19号白天伊春南部、哈尔滨、鹤岗、佳木斯、双鸭山、七台河、鸡西、牡丹江有大到暴雪，其中哈尔滨东部、双鸭山、七台河、鸡西、牡丹江局地有暴雪，个别市县有大暴雪，黑河南部、伊春北部、绥化有中到大雪，其他地区小到中雪，同时有5-6级风，阵风7级，雪后气温下降6-8度。',
    time: '1384485116000',
    from: '专业版微博',
    commentNum: '4',
    zhuanfaNum: '2',
    img: [] },
  { content: '【黑龙江冬季特色食品--冻梨】过去由于食品匮乏，加上没有水果保鲜技术和保鲜运输贮藏条件，冻梨、冻柿子几乎是普通人家冬天能吃到的唯一水果。冻梨一般是由花盖梨、白梨、尖把梨冰冻而成，食用时将冻梨置凉水中浸泡，待化透后捞出可食。化好的梨吃起来酸甜津凉，酒后吃一个，既解酒，又助消化。',
    time: '1384432853000',
    from: '专业版微博',
    commentNum: '5',
    zhuanfaNum: '11',
    img: [ 'http://ww1.sinaimg.cn/thumbnail/9d688d31jw1eaktz5kagaj20dw0af76v.jpg' ] },
  { content: '今夜最低气温：大兴安岭-(15-17)℃，黑河，伊春-(7-9)℃，其它地区-(4-6)℃。明天白天最高气温：大兴安岭、伊春-(1-3)℃，黑河、齐齐哈尔、绥化北部、鹤岗、佳木斯(0-2)℃，其它地区(3-5)℃.',
    time: '1384397511000',
    from: '专业版微博',
    commentNum: 0,
    zhuanfaNum: 0,
    img: [] },
  { content: '今天下午：黑河、伊春、鹤岗、佳木斯、双鸭山、七台河阴有小雪，其它地区晴有时多云。今天夜间到明天白天：大兴安岭、黑河、伊春、鹤岗、佳木斯、双鸭山、七台河、鸡西阴有小雪，其它地区晴有时多云。',
    time: '1384397389000',
    from: '专业版微博',
    commentNum: 0,
    zhuanfaNum: 0,
    img: [] },
  { content: '【今年台风数量追平本世纪记录】今年西北太平洋上生成的台风个数已达30个，较常年平均偏多6.5个。并且已追平21世纪以来极值，此前2004年台风生成个数也为30个。目前西北太平洋洋面上还有台风胚胎存在，未来将继续发展，如果被编号，2013年台风生成个数将是21世纪以来最多的一年。',
    time: '1384390585000',
    from: '专业版微博',
    commentNum: '1',
    zhuanfaNum: '4',
    img: [ 'http://ww3.sinaimg.cn/thumbnail/9d688d31tw1eak9mir6ilj20c8087t92.jpg' ] } ]

=== 青海气象 ===

[ { content: '#【气象讲堂】#冷空气的定义:冷空气和暖空气是从气温水平方向上的差别来定义的,位于低温区的空气称为冷空气. 遥远的北冰洋、严寒的西伯利亚是冷空气的发源地.冷气团多数在极地与西伯利亚大陆上形成,其范围纵横长达数千公里,厚度达几公里到几十公里. 冷空气过境会带来雨、雪等,使温度陡然下降.',
    time: '1384481823000',
    from: '专业版微博',
    commentNum: 0,
    zhuanfaNum: 0,
    img: [ 'http://ww2.sinaimg.cn/thumbnail/7a217530jw1ealhkoy430j203w02xwec.jpg' ] },
  { content: '#【气象与生活】#秋冬保健:秋冬易胃寒5招暖胃驱寒1.合理饮食,避免暴饮暴食2.应戒烟戒酒.烟草能使胃酸分泌增加,胆汁反流,破坏胃粘膜屏障3.应避免长期饮浓茶咖啡,注意量和度4.适当运动和休息5.保持良好心态.想预防胃病,要讲究心理卫生,保持精神愉快和情绪稳定,避免紧张、焦虑、恼怒等不良情绪的刺激',
    time: '1384479918000',
    from: '专业版微博',
    commentNum: 0,
    zhuanfaNum: '2',
    img: [ 'http://ww1.sinaimg.cn/thumbnail/7a217530jw1ealgnvii5qj203v02y0sl.jpg' ] },
  { content: '#【上下班天气】#昨天我市晴，最高气温5.5度，最底气温-6度。预计今天早晨8:00～9:00上班期间:晴，最低气温-9度，最高气温-8度。天气寒冷，空气比较干燥，建议大家多喝水以补充人体所需水分，还可适量地加强运动。',
    time: '1384474809000',
    from: '专业版微博',
    commentNum: '1',
    zhuanfaNum: '2',
    img: [ 'http://ww1.sinaimg.cn/thumbnail/7a217530jw1eale7a0wm9g203c03cjsg.gif' ] },
  { content: '#【早间天气预报】#西宁今天早晨7点气温为零下9℃，相对湿度85%。预计今天白天到夜间晴，最高气温8度，最低气温零下9度。冬季室外温度较低，提醒广大市民保持室内空气流通，避免煤气中毒事件的发生！',
    time: '1384472671000',
    from: '专业版微博',
    commentNum: 0,
    zhuanfaNum: '4',
    img: [ 'http://ww2.sinaimg.cn/thumbnail/7a217530jw1eald64n6cij203c02ijr9.jpg' ] },
  { content: '#主要城镇预报#西宁晴,气温零下9到9度，平安晴,气温零下6到10度，西海晴,气温零下18到3度，恰卜恰晴,气温零下9到5度，隆务多云,气温零下6到6度，德令哈多云转晴,气温零下12到2度，格尔木晴,气温零下10到5度，大武阵雪转多云,气温零下12到2度，结古多云,气温零下8到6度。',
    time: '1384419270000',
    from: '专业版微博',
    commentNum: 0,
    zhuanfaNum: '4',
    img: [ 'http://ww2.sinaimg.cn/thumbnail/7a217530jw1eakng5cmnnj20hs0dct9g.jpg' ] } ]

=== 甘肃气象 ===

[ { content: '#甘肃省短期天气预报# 今天白天到夜间，全省各地晴或多云，其中河西五市有5-6级西北风，局部地方有浮尘。明天白天到夜间，全省各地晴或多云，其中河西五市有4-5级西北风。17日白天到夜间，全省各地晴或多云。',
    time: '1384483702000',
    from: '微话题',
    commentNum: '3',
    zhuanfaNum: '30',
    img: [] },
  { content: '#甘肃省短期天气预报# 11月14日17时发布：今天夜间到明天白天，全省各地晴或多云，其中河西五市有5-6级西北风，局部地方有浮尘。 明天夜间到17日白天，全省各地晴或多云，其中河西五市有4-5级西北风。',
    time: '1384419823000',
    from: '微话题',
    commentNum: '16',
    zhuanfaNum: '116',
    img: [] },
  { content: '#甘肃省短期天气预报# 今天白天到夜间，全省各地晴或多云，其中河西五市有4-5级西北风。明天白天到夜间，全省各地晴或多云，其中河西五市有5-6级西北风，局部地区有浮尘。16日白天到夜间，全省各地晴或多云。',
    time: '1384394323000',
    from: '微话题',
    commentNum: '5',
    zhuanfaNum: '39',
    img: [] },
  { content: '#甘肃省短期天气预报# 今天夜间到明天白天，临夏、定西、陇南阴转多云，局地有小雨（雪）；省内其余地方多云转晴，河西五市有4-5级西北风，局地有浮尘。明天夜间到后天白天，全省各地晴或多云，河西五市有5-6级西北风，局地有浮尘。15日夜间到16日白天，全省各地晴或多云，河西五市有4-5级西北风.',
    time: '1384333137000',
    from: '微话题',
    commentNum: '21',
    zhuanfaNum: '121',
    img: [] },
  { content: '今天白天到夜间，武威、甘南、临夏、定西、陇南、天水等州市阴，局部地方有小雨（雪）；省内其余地方多云，其中河西五市有4-5级西北风。 明天白天到夜间，全省各地晴或多云，其中河西五市有5-6级西北风',
    time: '1384310994000',
    from: '微话题',
    commentNum: '3',
    zhuanfaNum: '38',
    img: [] } ]

=== 陕西气象 ===

[ { content: '您平时关注天气么？您有丰富的气象知识么？陕西省“气象影视杯”气象标准化知识竞赛开始喽~答问题、学知识、赢奖品，想来挑战一下的，请猛戳 http://t.cn/zR0XuD8',
    time: '1383637423000',
    from: '专业版微博',
    commentNum: '9',
    zhuanfaNum: '10',
    img: [ 'http://ww2.sinaimg.cn/thumbnail/95d3c366jw1eaa6sr84usj20qx0kzagt.jpg' ] },
  { content: '【流凌】在河流封冻前，冰块和河水一起流动；还有河流在解冻后也是冰块顺流而下，都叫做“流凌”。在封冻的时候，浮冰较薄，而且随时可以全面封冻，危害不大。但是在开化时的流凌，厚度大，而且容易拥堵成为“凌汛”，造成水灾。受强冷空气影响，乌苏里江自11月13日起就出现了大片流凌。',
    time: '1384481751000',
    from: '陕西气象',
    commentNum: '1',
    zhuanfaNum: '1',
    img: [ 'http://ww2.sinaimg.cn/thumbnail/95d3c366jw1ealhjps94rj20dc08l3zk.jpg' ] },
  { content: '#微天气#我省今日凌晨最低气温陕北大部-7～-1℃，渭北大部-5～0℃，关中大部、商洛-2～4℃，西安2.6℃，汉中、安康0～6℃。晨间的温度虽低，但预计今天白天全省晴天间多云。所以就让我们期待阳光、期待周末、期待“放疯”的日子吧！【欢迎拨打12121天气咨询热线】',
    time: '1384477069000',
    from: '陕西气象',
    commentNum: 0,
    zhuanfaNum: '3',
    img: [ 'http://ww3.sinaimg.cn/thumbnail/95d3c366jw1ealfaj496aj20i10ju419.jpg' ] },
  { content: '#微天气#今天天气终于转晴，久违的太阳照耀着大地，到了午后，最高气温升到15度，这比前两天高了将近3度。预计未来3-5天，我省天气较好，有阳光照耀，最高气温西安在16-18度，这个双休日,大伙儿可以呼朋唤友、三五成群在户外好好活动一下！【欢迎拨打12121天气咨询热线】',
    time: '1384423211000',
    from: '陕西气象',
    commentNum: 0,
    zhuanfaNum: '1',
    img: [ 'http://ww2.sinaimg.cn/thumbnail/95d3c366jw1eakpcjktmjj20i30jvacv.jpg' ] },
  { content: '【敷颈催眠】新潮暖手宝暖手，可是你是否知道“古典”热水袋可催眠？颈部有安眠穴，主治失眠眩晕。在睡觉前将热水袋放在后颈部，会感到温和舒适，能起到催眠作用。此外，用热水袋敷颈部还能作用到大椎穴，对治疗颈椎病也有不错的效果。小伙伴们，记得水可不要太烫哦！',
    time: '1384416118000',
    from: '陕西气象',
    commentNum: '2',
    zhuanfaNum: '3',
    img: [ 'http://ww4.sinaimg.cn/thumbnail/95d3c366jw1eaklxiul5zj20cs08nt9e.jpg' ] },
  { content: '【气象学上的入冬标准】气象学规定，连续5天日平均气温低于10℃，就将进入真正意义的冬天。日平均气温是指一天24小时的平均气温，通常将一天中2点、8点、14点、20点的温度相加后平均（即4个气温相加除以4）。通常把连续5天日平均气温低于10℃的第一天作为冬季的开始。你那里入冬了没？',
    time: '1384395812000',
    from: '陕西气象',
    commentNum: '2',
    zhuanfaNum: '1',
    img: [ 'http://ww2.sinaimg.cn/thumbnail/95d3c366jw1eakc5e1v44j20ko0dd0wn.jpg' ] } ]

=== 旅游天气网 ===

[ { content: '【亚洲最大的糖果店】在新加坡圣淘沙名胜世界，各色糖果这里应有尽有，仿佛走进了一个只在童话里才存在的糖果屋。建造这家糖果店的理念，是希望能看到人们微笑，而最简单让人微笑的方法就是吃糖果。。',
    time: '1384487418000',
    from: '皮皮时光机',
    commentNum: 0,
    zhuanfaNum: 0,
    img: [ 'http://ww1.sinaimg.cn/thumbnail/9fa68e33jw1ealk9yy6ppj20c80xw45x.jpg' ] },
  { content: '【意大利波托菲诺】(Portofino)——古老建筑和色彩斑驳砖墙，与山海云雨辉映成一幅幅生动的梦幻景色。咖啡馆、面包店就将餐桌摆在碧蓝的海水边，每一张餐桌也是最靓丽的一笔风景。在明丽的阳光里，轻声交谈、开怀大笑，享受着醇香的咖啡、葡萄酒和地中海美食。',
    time: '1384485051000',
    from: '皮皮时光机',
    commentNum: 0,
    zhuanfaNum: 0,
    img: [ 'http://ww2.sinaimg.cn/thumbnail/9fa68e33jw1ealj4xhmu1j20bi0dgach.jpg' ] },
  { content: '【白茫雪山】又名白马雪山，海拔5640米，峰顶终年积雪不化。冬季的白茫雪山千里冰封、万里雪飘，游览之人可尽情领略雪域风情。走在海拔3000多米的盘山公路，仰望群山，能近距离触摸雪山，亲吻雪山的脸颊，人生一大幸事！',
    time: '1384482650000',
    from: '皮皮时光机',
    commentNum: 0,
    zhuanfaNum: 0,
    img: [ 'http://ww4.sinaimg.cn/thumbnail/9fa68e33jw1ealhzasvacj20cg0kyn01.jpg' ] },
  { content: '【西 藏10个绝美小镇】1、黄河源头：玛多；2、藏族诞生地：泽当；3、美人谷醉人风情：丹巴；4、中国的西部牛仔城：马尼干戈；5、传说中的人间仙境：米林；6、藏地水乡：察隅；7、西 藏的瑞士：波密；8、依山而建的小镇：樟木；9、幸福之乡：吉隆；10、西 藏的边陲小城：亚东。你想去吗？',
    time: '1384480224000',
    from: '皮皮时光机',
    commentNum: 0,
    zhuanfaNum: 0,
    img: [ 'http://ww3.sinaimg.cn/thumbnail/9fa68e33jw1ealgt7jp2fj20go0b5gnb.jpg' ] },
  { content: '【欧洲十大必去景点】 1）意大利比萨斜塔； 2）巴黎艾菲尔铁塔； 3）威尼斯贡都拉； 4）英国史前巨石阵； 5）爱尔兰布拉尼城堡； 6）英国伦敦巨眼摩天轮； 7）希腊帕台农神庙； 8）巴塞罗那神圣家族大教堂； 9）爱丁堡城堡； 10）罗马圆形大剧场。',
    time: '1384477816000',
    from: '皮皮时光机',
    commentNum: 0,
    zhuanfaNum: 0,
    img: [ 'http://ww3.sinaimg.cn/thumbnail/9fa68e33jw1ealfnhc7qbj20bh0aot9m.jpg' ] } ]

=== 山东省气象台 ===

[ { content: '转发微博',
    time: '1357633109000',
    from: '新浪微博专业版微博',
    commentNum: '13',
    zhuanfaNum: '10',
    img: [] },
  { content: '转发微博',
    time: '1357633102000',
    from: '新浪微博专业版微博',
    commentNum: 0,
    zhuanfaNum: 0,
    img: [] },
  { content: '转发微博',
    time: '1357633099000',
    from: '新浪微博专业版微博',
    commentNum: 0,
    zhuanfaNum: 0,
    img: [] },
  { content: '1月2日夜间到3日白天，半岛北部地区天气阴有小到中雪转多云,其他地区天气多云转晴。北风，半岛地区4～5级,其他地区3级左右。 最低气温：鲁西北、鲁中山区和半岛内陆地区-15℃左右，其他地区-11℃左右。',
    time: '1356965856000',
    from: '专业版微博',
    commentNum: '1',
    zhuanfaNum: 0,
    img: [] },
  { content: '1月1日夜间到2日白天，半岛北部地区天气多云间阴有大雪，其他地区天气多云。北风，半岛地区5～6级阵风7级,其他地区3～4级。 最低气温：鲁西北、鲁中山区和半岛内陆地区-12℃左右，其他地区-8℃左右。',
    time: '1356965849000',
    from: '专业版微博',
    commentNum: 0,
    zhuanfaNum: '2',
    img: [] } ]

=== 中国天气网生活 ===

[ { content: '【冬季常吃8种食物，防止“三高”】1.燕麦：降血脂 2.洋葱：有助血栓溶解 3.玉米：降低胆固醇并软化血管 4.山药：防止动脉硬化 5.海藻：降低血清胆固醇 6.银耳：减少脂肪吸收 7.芹菜：降压降脂降糖 8.山楂：预防动脉硬化。你最爱哪种？（转）',
    time: '1384338569000',
    from: '皮皮时光机',
    commentNum: 0,
    zhuanfaNum: '2',
    img: [ 'http://ww1.sinaimg.cn/thumbnail/537d8ce8jw1eajkkqc25wj20es0d1aaf.jpg' ] },
  { content: '【冬季养生】北方气候干燥，加上室内有暖气，很容易上火、鼻腔、咽喉等发干。其实，调节下饮食就能缓解，梨和萝卜就是不错的润燥食物。梨有润喉生津、润肺止咳、养阴生津、滋养肠胃的功效，尤适合冬季内热的人食用。脾胃虚寒的人，不宜生吃梨，最好煮成梨水哦。（转）',
    time: '1384334974000',
    from: '皮皮时光机',
    commentNum: 0,
    zhuanfaNum: 0,
    img: [ 'http://ww2.sinaimg.cn/thumbnail/537d8ce8jw1eajiue9nxcj20cs090mxw.jpg' ] },
  { content: '【冬季养生粥】①白粥：有止泻功效，减肥效果一流。②皮蛋瘦肉粥：提振胃口、促进食欲，也有养阴止血、润肺、止泻的作用。③南瓜小米粥：适合血气亏损、身体虚弱者，术后和产后尤其适宜喝。④红豆莲子粥：作为病后体弱者的保健膳食。⑤八宝粥：食疗佳品。（转）',
    time: '1384331016000',
    from: '皮皮时光机',
    commentNum: 0,
    zhuanfaNum: 0,
    img: [ 'http://ww3.sinaimg.cn/thumbnail/537d8ce8jw1eajgxqs1hej20cs08ywf8.jpg' ] },
  { content: '【生活窍门】冬季当心“低热烫伤”！热水袋内水温不要太热，热力表面不要直接贴近皮肤。糖尿病人或末梢感觉神经迟钝者及婴幼儿最好不用热水袋取暖。（转） ',
    time: '1384256434000',
    from: '皮皮时光机',
    commentNum: 0,
    zhuanfaNum: 0,
    img: [ 'http://ww2.sinaimg.cn/thumbnail/537d8ce8jw1eaih0d6ehej20fy0eywf3.jpg' ] },
  { content: '【生活窍门】冬季室内湿度不够易诱发疾病！家中应配备加湿器，此外，向地上洒些水、用湿拖把每天拖几次地，或在室内养几盆水仙花也能增加湿度！（转） ',
    time: '1384252836000',
    from: '皮皮时光机',
    commentNum: 0,
    zhuanfaNum: 0,
    img: [ 'http://ww4.sinaimg.cn/thumbnail/537d8ce8jw1eaifa0t8pqj20hq0bzdgv.jpg' ] } ]

=== 浙江天气 ===

[ { content: '#全省天气预报#省气象台11点发布：今天中午到夜里全省多云到晴，明天全省晴到多云，后天全省多云到晴。明天早晨最低温度：西北山区6-8度，沿海地区10-12度，其它地区8-10度。明天白天最高温度：全省18-20度。',
    time: '1384484645000',
    from: '专业版微博',
    commentNum: 0,
    zhuanfaNum: 0,
    img: [] },
  { content: '#中期天气趋势#未来三到五天我省天气晴朗，森林火险等级高。受冷空气扩散南下影响，18到19日全省大部地区气温较低，早晨最低气温可达3-5℃。',
    time: '1384484218000',
    from: '专业版微博',
    commentNum: 0,
    zhuanfaNum: '1',
    img: [] },
  { content: '#全省天气预报#今天：浙南地区阴到多云；其它地区多云到晴。明天：全省晴转多云。后天：全省多云到晴。今天早晨浙北部分地区有雾。今天白天最高温度：全省18-20度。明天早晨最低温度：沿海地区11-13度；其它地区：8-10度。',
    time: '1384468865000',
    from: '专业版微博',
    commentNum: 0,
    zhuanfaNum: '3',
    img: [] },
  { content: '#每日天气提醒#杭州今天晴到少云，早晨到上午有雾，明天晴。今天最高气温18℃，明晨最低8℃。天气转好，省疾控中心提醒：适当增加体育锻炼，提高御寒能力。',
    time: '1384468752000',
    from: '专业版微博',
    commentNum: '1',
    zhuanfaNum: '3',
    img: [] },
  { content: '#天气实况#今小雨收声，白天仍回温乏力。截至16时，浙南及沿海地区日最高气温17-20℃，其他地区14-16℃。杭城今晨最高14.2℃，较昨天下降1.3℃。',
    time: '1384418059000',
    from: '专业版微博',
    commentNum: 0,
    zhuanfaNum: 0,
    img: [] } ]

=== 广东天气 ===

[ { content: '【周末天晴好你爱做啥就做啥】#帮广东的好天气上头条#未来三天我省大部晴到多云，白天气温回升，宜出游；但早晚清凉，需适时添衣保暖，预防感冒和呼吸道疾病。了解更多天气资讯，还可以拨打“中国气象热线”4006000121',
    time: '1384485610000',
    from: '广东应急气象',
    commentNum: 0,
    zhuanfaNum: '1',
    img: [ 'http://ww4.sinaimg.cn/thumbnail/781f4a97jw1ealjemiwpqj20fr0frgor.jpg' ] },
  { content: '【好天气各种“晒”各种“游”】这个周末，我省晴空朗朗，白天气温回升，早晚清凉。小编打算晒衣晒被晒娃娃~ 游山游水游风光：骑车、钓虾、摄影。那些高尔夫、游艇出海、骑马赛车……只有少数人的份了。（图片来源于网络）',
    time: '1384482741000',
    from: '广东应急气象',
    commentNum: '3',
    zhuanfaNum: '13',
    img: [ 'http://ww3.sinaimg.cn/thumbnail/781f4a97jw1eali0vgrlij20c80h3myf.jpg' ] },
  { content: '【广东城市天气】早安，晨之美。今天起全省逐渐转为多云天气为主，阳光增多，早晚清凉，白天气温有所回升，适时增减衣物牢记心上。#帮广东的好天气上头条#',
    time: '1384473901000',
    from: '广东应急气象',
    commentNum: '10',
    zhuanfaNum: '30',
    img: [ 'http://ww1.sinaimg.cn/thumbnail/781f4a97jw1ealdrkafs8j20i30o2grg.jpg' ] },
  { content: '天气凉了，孩子蹬被着凉怎么办？放心吧，粑粑想出了这招！',
    time: '1384430616000',
    from: '广东应急气象',
    commentNum: '47',
    zhuanfaNum: '85',
    img: [ 'http://ww3.sinaimg.cn/thumbnail/781f4a97jw1eakswybfpqj20c809d3yv.jpg' ] },
  { content: '【你那气温多少？】16时气温，粤东大部超过24℃（全省最高在潮阳26.2℃），其它市县大部低于18℃，连南更是14℃，全省最高与最低相差12.2℃，这是夏冬两重天嚒？戳图瞄瞄你那如何？中国天气通，让每一天的天气预报，触手可查。',
    time: '1384419302000',
    from: '广东应急气象',
    commentNum: '9',
    zhuanfaNum: '20',
    img: [ 'http://ww1.sinaimg.cn/thumbnail/781f4a97jw1eakngsew07j20mc0hwdh8.jpg' ] } ]

=== 内蒙古气象服务 ===

[ { content: '明天夜间到后天：包头市北部、呼和浩特市北部、乌兰察布市北部、锡林郭勒盟、赤峰市、通辽市、兴安盟东南部、西北部、呼伦贝尔市西南部、北部有小雪或雨夹雪，我区中东部气温下降4度左右，东南部降温6度左右。  关注更多天气资讯欢迎登录“ 中国天气网内蒙古站 http://t.cn/8DkXJUE”',
    time: '1384418832000',
    from: '360安全平台',
    commentNum: 0,
    zhuanfaNum: 0,
    img: [] },
  { content: '明天白天：呼伦贝尔市北部有小雪，包头市北部、锡林郭勒盟北部局部地区有雨夹雪，阿拉善盟北部、巴彦淖尔市、鄂尔多斯市西北部、包头市北部、呼和浩特市北部、乌兰察布市北部、锡林郭勒盟西部5级左右西北风。  关注更多天气资讯欢迎登录“ 中国天气网内蒙古站 http://t.cn/8DkXJUE”',
    time: '1384418622000',
    from: '360安全平台',
    commentNum: '1',
    zhuanfaNum: '1',
    img: [] },
  { content: '今天夜间：兴安盟、呼伦贝尔市多云，其中，呼伦贝尔市东部有小雪，其余地区晴间多云，锡林郭勒盟东部、赤峰市、通辽市、兴安盟、呼伦贝尔市3、4级偏西风，其余地区4、5级偏西风。 关注更多天气资讯欢迎登录“ 中国天气网内蒙古站 http://t.cn/8DkXJUE”',
    time: '1384418526000',
    from: '360安全平台',
    commentNum: 0,
    zhuanfaNum: 0,
    img: [] },
  { content: '明天夜间到后天：巴彦淖尔市、包头市、呼和浩特市、乌兰察布市、锡林郭勒盟、赤峰市、通辽市、兴安盟、呼伦贝尔市多云，其中锡林郭勒盟东北部、兴安盟西北部、呼伦贝尔市有小雪，包头市北部、呼和浩特市北部、乌兰察布市北部有分',
    time: '1384332462000',
    from: '专业版微博',
    commentNum: '2',
    zhuanfaNum: '2',
    img: [] },
  { content: '布不均匀的小雪或雨夹雪，其余地区晴间多云，锡林郭勒盟北部、赤峰市、通辽市、兴安盟、呼伦贝尔市东部4级左右西北风，其余地区4、5级偏西风。',
    time: '1384332454000',
    from: '专业版微博',
    commentNum: '1',
    zhuanfaNum: '1',
    img: [] } ]

=== 天津天气 ===

[ { content: '【秋末冬初疾病预防】关节炎：有关节炎病史者，可选食猪蹄炖海风藤、木瓜鸡蛋酒，以祛风通络、化湿止痛。还可用当归、鸡血藤、桂枝、杜仲等煎汤药浴，对防止关节炎发作有积极作用。患者应注意防寒保暖，尤其是大汗后不宜立即接触冷水或用冷水洗澡。',
    time: '1384481892000',
    from: '专业版微博',
    commentNum: 0,
    zhuanfaNum: '8',
    img: [ 'http://ww2.sinaimg.cn/thumbnail/8c8f527bjw1ealhlqdxtlj2085094q3c.jpg' ] },
  { content: '#天津天气#《津晨播报》早直播节目重播 http://t.cn/8DFz3mK',
    time: '1384479215000',
    from: '新浪视频',
    commentNum: 0,
    zhuanfaNum: 0,
    img: [ 'http://ww2.sinaimg.cn/thumbnail/8c8f527bjw1ealgbqraicj204g02ia9v.jpg' ] },
  { content: '【历史上的今天】1908年慈禧太后归西（小天想到了四个字，不知道你们和我是否一样）；1970年“铁人”王进喜逝世；1992年香港的“中国特技王”柯受良驾车飞越金山岭长城；自有记录以来历史上的今天极端最高温度出现在1995年17.4度。更多历史上的今天天气信息请拨打12121收听。',
    time: '1384477229000',
    from: '专业版微博',
    commentNum: 0,
    zhuanfaNum: '1',
    img: [ 'http://ww2.sinaimg.cn/thumbnail/8c8f527btw1ealfbj1natj20c80pj76w.jpg' ] },
  { content: '#天津天气#我市今天白天到夜间晴转多云，微风，16到6度。明日起，大风降温再袭，欲知更多天气信息，请拨打12121收听。',
    time: '1384470061000',
    from: '专业版微博',
    commentNum: '1',
    zhuanfaNum: '5',
    img: [] },
  { content: '【空气污染气象条件预报】',
    time: '1384469842000',
    from: '360安全平台',
    commentNum: 0,
    zhuanfaNum: 0,
    img: [ 'http://ww1.sinaimg.cn/thumbnail/8c8f527bjw1ealbt719yfj20mz0whacb.jpg' ] } ]

=== 中国天气通 ===

[ { content: '【海洋浮游植物每年递减 加速全球变暖】一项新的研究结果显示，全世界海洋上层的浮游植物（极小的生物体，能够吞噬温室气体，并直接或间接地充当海洋中每一种动物的食物）的数量平均每年下降约1%。如果这种趋势继续下去，将对海洋食物链造成毁灭性影响，并加速全球变暖。http://t.cn/8DFZ7VL',
    time: '1384479430000',
    from: '专业版微博',
    commentNum: 0,
    zhuanfaNum: 0,
    img: [ 'http://ww4.sinaimg.cn/thumbnail/8a3c1bc2jw1ealgfbgsmkj20dc09m0tt.jpg' ] },
  { content: '【黑龙江雪场陆续开滑 本周末局地将遭暴雪袭击】11月以来，随着黑龙江开始大范围降雪，部分雪场已开滑。受冷空气影响，未来7天，黑龙江将出现两次降雪天气，东部局地有暴雪，当地需防范强降雪对交通运输、设施农业等和带来的不利影响。@中国天气网 http://t.cn/8Dki0CN',
    time: '1384416702000',
    from: '专业版微博',
    commentNum: 0,
    zhuanfaNum: 0,
    img: [ 'http://ww2.sinaimg.cn/thumbnail/8a3c1bc2jw1eakm7hladdj20dc08rmy9.jpg' ] },
  { content: '【武汉酝酿大气污染防治】大气污染防治行动计划，内容涉及调整不合理的产业结构、调整能源消费结构，控制工地扬尘、餐饮油烟在内的面源污染，控制机动车尾气排放，加强环保的科技研究等10大方面，计划提出我市力争通过5年的时间基本消除灰霾天气，使全市的空气质量得到总体改善。http://t.cn/8DkVaEO',
    time: '1384410738000',
    from: '专业版微博',
    commentNum: 0,
    zhuanfaNum: 0,
    img: [ 'http://ww1.sinaimg.cn/thumbnail/8a3c1bc2jw1eakjc5l3h3j20r70moq5j.jpg' ] },
  { content: '【北方冷空气活动频】昨天（13日）受一股冷空气影响，内蒙古华北等地带来了降温雨雪天气。今天，随着冷空气的东移，东北部分地区将出现小雨雪或雨夹雪。16日起，新一股冷空气将给北方地区带来大风降温天气，东北等地再迎强雨雪，需注意防范。@中国天气网 http://t.cn/8Dkzb08',
    time: '1384394802000',
    from: '专业版微博',
    commentNum: 0,
    zhuanfaNum: '1',
    img: [ 'http://ww3.sinaimg.cn/thumbnail/8a3c1bc2jw1eakbnju70rj20dc0atwfq.jpg' ] },
  { content: '长沙交通进入冬季天气模式 交警提醒避开12大堵点 @中国天气网 http://t.cn/8DDxvZ1',
    time: '1384328094000',
    from: '专业版微博',
    commentNum: 0,
    zhuanfaNum: '1',
    img: [ 'http://ww1.sinaimg.cn/thumbnail/8a3c1bc2jw1eajfiyqxlfj20ci0j7goi.jpg' ] } ]

=== 江西气象微博 ===

[ { content: '【双休日全省晴天为主】今天逐渐转受偏北气流控制，赣西北晴天多云，赣南阴天到多云， 全省其他地区多云到晴。明后天受偏北气流控制全省晴天多云。',
    time: '1384489470000',
    from: '专业版微博',
    commentNum: 0,
    zhuanfaNum: 0,
    img: [] },
  { content: '【天气早报】今天白天到晚上，九江、宜春、萍乡、南昌、景德镇五市和上饶市西部、抚州市北部晴间多云，早晨部分地区有雾，全省其他地区阴天转多云。 风向：偏北。 风力：1～2级今天最高气温:17～19℃，局部20℃。明天全省晴间多云。',
    time: '1384469043000',
    from: '专业版微博',
    commentNum: 0,
    zhuanfaNum: 0,
    img: [] },
  { content: '【大雾黄色预警】九江、宜春、萍乡、南昌、景德镇、鹰潭六市和上饶市西部局部地区已经出现大雾，预计未来这些地区大雾范围还将有所扩大，并将持续到十点左右。有关部门和单位做好防雾准备工作。机场、高速公路、轮渡码头等单位加强交通管理。驾驶人员注意雾的变化，小心驾驶。户外活动注意安全。',
    time: '1384468909000',
    from: '专业版微博',
    commentNum: 0,
    zhuanfaNum: '5',
    img: [ 'http://ww1.sinaimg.cn/thumbnail/a2c3fb56gw1ealbcuitmqj202s02d746.jpg' ] },
  { content: '【明后天转晴，大雾来添乱】今天晚上到明天，九江、宜春、萍乡、南昌、景德镇五市和上饶市西部、抚州市北部多云转晴，早晨部分地区有雾，全省其他地区阴天转多云。',
    time: '1384418695000',
    from: '专业版微博',
    commentNum: '1',
    zhuanfaNum: '2',
    img: [ 'http://ww4.sinaimg.cn/thumbnail/a2c3fb56gw1eakn66mjo0j20gb0dmta2.jpg' ] },
  { content: '【今天雨水逐渐停歇，明后天全省转晴】今天白天受低层切变线影响，赣东北阴天有小阵雨；全省其他地区阴天，局部有小阵雨。 晚上全省多云转晴。明天赣北晴天多云，赣中赣南多云。后天全省晴到多云。',
    time: '1384401654000',
    from: '专业版微博',
    commentNum: 0,
    zhuanfaNum: 0,
    img: [] } ]

=== 宁夏天气-宁夏气象 ===

[ { content: '【塞上风云】预计今天白天到夜间全区为晴间多云的天气，偏北风4到5级，最高气温8~11℃，最低气温0~-7℃。终于又到了一周的最后一天，小伙伴们要坚持哦~不过，今天风力较大，外出时要做好防风措施哦~',
    time: '1384475880000',
    from: '专业版微博',
    commentNum: '1',
    zhuanfaNum: '7',
    img: [] },
  { content: '新版微博客户端，好听，好看，更好玩！自定义背景、封面；音、视频直接播放；好友圈好友消息不错过；信息流滑动速度提升；支持屏蔽广告微博；广场音乐、电影、美食等频道升级。快试试一键听歌：http://t.cn/zH4S4xq 下载地址：http://t.cn/hKkeW',
    time: '1384433752000',
    from: 'iPhone客户端',
    commentNum: 0,
    zhuanfaNum: 0,
    img: [ 'http://ww4.sinaimg.cn/thumbnail/6cba0975jw1ea5fsciobkj20dc0m80ts.jpg' ] },
  { content: '【塞上风云】预计今天夜间到明天白天，全区晴间多云，偏北风3~4级转4~5级，最低气温-6~0℃，最高气温8~13℃。大风沙尘天气出现时，需要外出的朋友一定要做好相应的防护措施，特别是走路、骑车需要经过广告牌、临时搭建物等易受大风影响的建筑时，一定要减少逗留时间，以防发生危险。',
    time: '1384421096000',
    from: '专业版微博',
    commentNum: 0,
    zhuanfaNum: 0,
    img: [] },
  { content: '【大风预警信号】中宁县气象局2013年11月14日16时56分发布大风蓝色预警信号：预计15日中午到前半夜，我县大部地区有5级左右偏北风，阵风7级左右，部分地区伴有沙尘天气。特别提醒公众注意防风防沙。',
    time: '1384419539000',
    from: '专业版微博',
    commentNum: '3',
    zhuanfaNum: '17',
    img: [ 'http://ww4.sinaimg.cn/thumbnail/9d7d035djw1eaknktl482j207d07dwee.jpg' ] },
  { content: '【大风预警信号】吴忠气象台2013年11月14日15时55分发布大风蓝色预警信号：预计15日中午到前半夜，吴忠市大部地区有5级左右偏北风，阵风7级左右，部分地区伴有沙尘天气。特别提醒公众注意防风防沙。',
    time: '1384417852000',
    from: '专业版微博',
    commentNum: 0,
    zhuanfaNum: 0,
    img: [ 'http://ww3.sinaimg.cn/thumbnail/9d7d035djw1eakmriavbvj207d07dwee.jpg' ] } ]

=== 黔气象 ===

[ { content: '#贵阳供暖大家说#【贵阳不适合城市集中供暖 更适合小区集中供暖】湿冷的贵阳到底适合集中供暖吗？专家论证指出，贵阳更适合小区集中供暖，您对此怎么看？参与我们的话题#贵阳供暖大家说#，分享您的观点 @黔气象，速来。',
    time: '1382432824000',
    from: '专业版微博',
    commentNum: '6',
    zhuanfaNum: '19',
    img: [ 'http://ww1.sinaimg.cn/thumbnail/a3102826gw1e9u2k4v3y3j20c82j5qlt.jpg' ] },
  { content: '#轻松一刻#今天的主题是吃，午饭时间到了，你想好吃什么了吗？',
    time: '1384488236000',
    from: 'iPhone客户端',
    commentNum: '1',
    zhuanfaNum: 0,
    img: [ 'http://ww1.sinaimg.cn/thumbnail/a3102826jw1ealko5qpp4j20c817ijte.jpg' ] },
  { content: '#天气追踪#【阴雨坐镇，气温稳定】昨夜到今晨，省的西部阴天有小雨，其余地区阴天间多云，省的中部以东地区有轻雾，东部边缘有雾。气温方便，今晨08时气温，省的北部大部和南部边缘地区为10-13℃，其余大部分地区为6-9℃；与前日相比省东北部地区下降1-3℃，其余大部分地区变化不大。',
    time: '1384482730000',
    from: '专业版微博',
    commentNum: 0,
    zhuanfaNum: 0,
    img: [ 'http://ww4.sinaimg.cn/thumbnail/a3102826gw1eali0ma6fkj20s50gdace.jpg' ] },
  { content: '传递正能量',
    time: '1384480721000',
    from: '专业版微博专业版微博',
    commentNum: 0,
    zhuanfaNum: 0,
    img: [ 'http://ww2.sinaimg.cn/thumbnail/d3b64340gw1ea4atiz2zkj20c81vggzu.jpg' ] },
  { content: '#天气morning报#各位童鞋早安，今天先来点开大图看一个有深度的故事，故事名叫《吃货的一天》…笑过以后回过头来听天气，今天又是一个稳定的阴雨，周末 yes（也是）【贵阳今天也很稳定】气象台15日7时发布：贵阳今日6时气温7.8度，风速3.8m/s，相对湿度87%。预计今天白天到夜间，阴转小雨12℃~8℃',
    time: '1384472136000',
    from: 'iPad客户端',
    commentNum: '10',
    zhuanfaNum: '4',
    img: [ 'http://ww2.sinaimg.cn/thumbnail/a3102826jw1ealcwy8cqtj20800tbaay.jpg' ] },
  { content: '#生活便利贴#【秋冬交替吃要注意】秋冬交替是养生最关键的时候，因此吃要注意四多四少：多吃滋阴润燥的食物；少吃辛辣的食物；多吃酸性食物；少吃寒凉的食物；多吃对脾胃有保健、易消化的食物；少吃生菜、沙拉等凉性食物；多吃梨、苹果、柿子、柑桔、葡萄和龙眼等水果；少吃西瓜、香瓜等瓜果。',
    time: '1384426427000',
    from: 'iPhone客户端',
    commentNum: 0,
    zhuanfaNum: '2',
    img: [ 'http://ww4.sinaimg.cn/thumbnail/a3102826jw1eakqwbe1aej20ha0azabh.jpg' ] } ]

=== 吉林气象 ===

[ { content: '花没采到，被蜜蜂蛰到了！这次没中奖，再玩一次吧！@新文化报 ',
    time: '1367270241000',
    from: '专业版微博美食推',
    commentNum: '4',
    zhuanfaNum: 0,
    img: [ 'http://ww4.sinaimg.cn/thumbnail/a184731bjw1e3zhvgrvrxj20ao2awqcj.jpg' ] },
  { content: '以后天气预报都由@吉林气象服务 发布了，谢谢各位亲的支持，',
    time: '1364014058000',
    from: '专业版微博',
    commentNum: '2',
    zhuanfaNum: '2',
    img: [] },
  { content: '吉林省气象台 2013年3月23日05时发布',
    time: '1363986322000',
    from: '分享按钮',
    commentNum: '1',
    zhuanfaNum: '3',
    img: [ 'http://ww2.sinaimg.cn/thumbnail/9567af35jw1e2z8pm2rn8j.jpg' ] },
  { content: '2013年3月22日16时发布',
    time: '1363939274000',
    from: '阳光城堡',
    commentNum: 0,
    zhuanfaNum: '1',
    img: [ 'http://ww1.sinaimg.cn/thumbnail/9567af35jw1e2ym1pzvidj.jpg' ] },
  { content: '2013年3月22日10时发布',
    time: '1363917497000',
    from: '阳光城堡',
    commentNum: 0,
    zhuanfaNum: 0,
    img: [ 'http://ww3.sinaimg.cn/thumbnail/9567af35jw1e2ybk31xclj.jpg' ] } ]

=== 河南气象 ===

[ { content: '河南省内风景区预报',
    time: '1384478127000',
    from: '专业版微博',
    commentNum: 0,
    zhuanfaNum: '2',
    img: [ 'http://ww1.sinaimg.cn/thumbnail/83411f79tw1ealfsukt5oj20ab0oy42n.jpg' ] },
  { content: '天气预报：11月15日全省今天白天到夜里，晴天间多云。东部、东南部西南风3级左右，其它地区偏西风2到3级逐渐增大到3到4级。最高温度：全省17到19度。最低温度：北部、西部山区1到3度；南部6到8度；其它地区4到6度。',
    time: '1384470621000',
    from: '专业版微博',
    commentNum: 0,
    zhuanfaNum: '6',
    img: [] },
  { content: '霉变指数1级，不易发生霉变；感冒指数4级，发病率偏高，所有人特别是体质弱者、老人及幼儿应注意冬天做好防寒保暖，尤其早晚外出时应注意添加衣服。',
    time: '1384426259000',
    from: '人民微管家',
    commentNum: '1',
    zhuanfaNum: 0,
    img: [] },
  { content: '晾晒指数2级，适宜晾晒，但应关注天气变化，一旦出现雷阵雨或阵雨征兆，应及时采取预防措施；城市火险天气等级3级，中等火险，请市民及重点防火单位注意管好火源，谨防生产性火灾和电器火灾；',
    time: '1384426247000',
    from: '人民微管家',
    commentNum: 0,
    zhuanfaNum: 0,
    img: [] },
  { content: '【郑州市气象生活指数预报】预计我市明天白天相对湿度为60%到25%；人体舒适度指数-1级，稍冷，较舒适；穿衣指数5级，初冬装，如厚外套大衣皮夹克，内着毛衣棉毛衫；空气污染气象条件3级，一般，中等气象条件，对空气污染物的稀释，扩散或清除无明显影响；',
    time: '1384426227000',
    from: '人民微管家',
    commentNum: 0,
    zhuanfaNum: 0,
    img: [] } ]

=== 中国天气网气候变化频道 ===

[ { content: '照片很及时啊:)',
    time: '1384477092000',
    from: 'WeicoPro微博搜索',
    commentNum: 0,
    zhuanfaNum: 0,
    img: [ 'http://ww4.sinaimg.cn/thumbnail/6c875052jw1eal0garlrzj215o1jk7ku.jpg' ] },
  { content: '【联合国：控温2℃必须进行大幅度碳减排】联合国日前发出警告称，除非全世界立即采取行动，迅速加大减排力度，否则确保全球温度升高不超过2℃的可能性将“迅速降低”。-气候变化-中国天气网 （分享自 @中国天气网） http://t.cn/8DDFRBs ',
    time: '1384388634000',
    from: '分享按钮',
    commentNum: 0,
    zhuanfaNum: 0,
    img: [ 'http://ww3.sinaimg.cn/thumbnail/9c7d995djw1eak8oxc1bkj20dc09q75e.jpg' ] },
  { content: '免费阳光浴限时发放',
    time: '1384310328000',
    from: '专业版微博专业版微博',
    commentNum: 0,
    zhuanfaNum: 0,
    img: [ 'http://ww4.sinaimg.cn/thumbnail/9bab7467jw1eai20gleivj20cd0hfdh7.jpg' ] },
  { content: '好可爱的动物！',
    time: '1384309325000',
    from: 'iPhone客户端专业版微博',
    commentNum: 0,
    zhuanfaNum: 0,
    img: [ 'http://ww4.sinaimg.cn/thumbnail/657e3a51jw1eaj6brzdcjj20hs0yytes.jpg' ] },
  { content: '【“超级牧草”有助预防气候变暖】日本国际农林水产业研究中心最新宣布，其研究人员与总部位于哥伦比亚的国际热带农业研究中心合作，开发出一种“超级牧草”，不但能大幅遏制化肥产生的温室气体，还能让牛吃了更肥壮，提高肉奶产量。 @中国天气网 http://t.cn/8DDPCWM ',
    time: '1384307123000',
    from: '分享按钮',
    commentNum: 0,
    zhuanfaNum: '3',
    img: [ 'http://ww4.sinaimg.cn/thumbnail/9c7d995djw1eaj5fe2n5bj20dc09c3z0.jpg' ] } ]

=== 山西省气象局 ===

[ { content: '【2013年11月15日11时发布我省各地市24小时天气预报】山西省气象局提醒您：关注我省各市县未来7天天气预报，详情请见山西天气网http://t.cn/StlVAX',
    time: '1384486054000',
    from: '专业版微博',
    commentNum: '1',
    zhuanfaNum: '1',
    img: [ 'http://ww2.sinaimg.cn/thumbnail/8ed8fe34jw1ealjmafgr4j20ip08640q.jpg' ] },
  { content: '【2013年11月14日17时发布全省24小时天气预报】今天夜间：全省晴天。明天白天：全省晴天。 山西省气象局提醒您：关注我省各市县未来7天天气预报！详情请见山西天气网http://t.cn/StlVAX',
    time: '1384419111000',
    from: '专业版微博',
    commentNum: 0,
    zhuanfaNum: 0,
    img: [] },
  { content: '【2013年11月14日17时发布我省各地市24小时天气预报】山西省气象局提醒您：关注我省各市县未来7天天气预报，详情请见山西天气网http://t.cn/StlVAX',
    time: '1384419039000',
    from: '专业版微博',
    commentNum: 0,
    zhuanfaNum: 0,
    img: [ 'http://ww1.sinaimg.cn/thumbnail/8ed8fe34jw1eaknc5zxp5j20dw07ujsl.jpg' ] },
  { content: '【2013年11月14日11时发布我省各地市24小时天气预报】山西省气象局提醒您：关注我省各市县未来7天天气预报，详情请见山西天气网http://t.cn/StlVAX',
    time: '1384397547000',
    from: '专业版微博',
    commentNum: 0,
    zhuanfaNum: '1',
    img: [ 'http://ww1.sinaimg.cn/thumbnail/8ed8fe34jw1eakczghp5vj20hi07zgnh.jpg' ] },
  { content: '【2013年11月13日17时发布我省各地市24小时天气预报】山西省气象局提醒您：关注我省各市县未来7天天气预报，详情请见山西天气网http://t.cn/StlVAX',
    time: '1384334108000',
    from: '专业版微博',
    commentNum: 0,
    zhuanfaNum: 0,
    img: [ 'http://ww2.sinaimg.cn/thumbnail/8ed8fe34jw1eajif9y68cj20dv07y3zz.jpg' ] } ]

=== 新疆气象 ===

[ { content: '【南疆、东疆主要城市天气预报】 11月15日7点发布15日白天到夜间: 吐鲁番晴间多云,10/-1℃ 哈密晴间多云,7/-5℃ 库尔勒晴有浮尘,6/-4℃ 阿克苏晴间多云,7/-4℃ 阿图什晴间多云,8/-2℃ 喀什晴间多云,8/-2℃ 和田晴有浮尘,10/-4℃',
    time: '1384474223000',
    from: '专业版微博',
    commentNum: 0,
    zhuanfaNum: '1',
    img: [] },
  { content: '【北疆主要城市天气预报】11月15日7点发布15日白天到夜间: 乌鲁木齐晴,7/-2℃ 阿勒泰阴转多云,4/-3℃ 塔城晴转多云,9/-4℃ 博乐晴转多云,5/-5℃ 伊宁晴,14/-5℃ 克拉玛依晴间多云,5/-2℃ 奎屯晴,6/-3℃ 石河子晴,6/-5℃ 昌吉晴间多云,6/-3℃',
    time: '1384474103000',
    from: '专业版微博',
    commentNum: 0,
    zhuanfaNum: '2',
    img: [] },
  { content: '【三天天气预报】今天白天到夜间，北疆沿天山一带的局部地区晴有时有雾。未来三天全疆大部以晴好天气为主，风力不大。乌鲁木齐未来24小时天气预报：今天白天到夜间晴，最高气温7℃，最低气温-2℃，风力3级。新疆维吾尔自治区气象台65008号预报员2013年11月15日07时发布',
    time: '1384473964000',
    from: '专业版微博',
    commentNum: 0,
    zhuanfaNum: 0,
    img: [] },
  { content: '【南疆、东疆主要城市天气预报】 11月14日16点发布14日夜间到15日白天: 吐鲁番晴间多云,10/-1℃ 哈密晴间多云,7/-6℃ 库尔勒晴有浮尘,6/-3℃ 阿克苏晴间多云,7/-4℃ 阿图什晴间多云,8/-1℃ 喀什晴间多云,7/-3℃ 和田晴有浮尘,9/-3℃',
    time: '1384424168000',
    from: '专业版微博',
    commentNum: 0,
    zhuanfaNum: '1',
    img: [] },
  { content: '【北疆主要城市天气预报】 11月14日16点发布14日夜间到15日白天: 乌鲁木齐晴,7/-1℃ 阿勒泰多云转晴,3/-4℃ 塔城晴间多云,9/-3℃ 博乐晴转多云,5/-3℃ 伊宁晴,14/-4℃ 克拉玛依晴,6/-2℃ 奎屯晴,6/-3℃ 石河子多云,6/-5℃ 昌吉晴间多云,7/-3℃',
    time: '1384424105000',
    from: '专业版微博',
    commentNum: 0,
    zhuanfaNum: '1',
    img: [] } ]

=== 重庆市气象局 ===

[ { content: '【 周末阳光约会重庆】今夜到周六白天,偏南地区零星小雨转阴天间多云，其余地区阴转多云,部分地区有晨雾;大部8-21℃、城口及东南部4-17℃;主城,零星小雨转多云,晨雾,14-19℃||周六夜到周日白天,多云到晴,平坝河谷地区有晨雾;大部9-22℃、城口及东南部4-19℃;主城,多云间晴,有晨雾,13-20℃',
    time: '1384488651000',
    from: '皮皮时光机',
    commentNum: '3',
    zhuanfaNum: '26',
    img: [ 'http://ww3.sinaimg.cn/thumbnail/7fc2a50fjw1ealkvct5kxj20s80hyq4a.jpg' ] },
  { content: '@重庆巫溪：巫溪今天已经是晴空万里！看老人们都在晒太阳了……可是主城乃至多地……还是有点雨蒙蒙————羡慕吧亲？（巫溪图片：@芯扉沁）',
    time: '1384486984000',
    from: '专业版微博',
    commentNum: '7',
    zhuanfaNum: '13',
    img: [ 'http://ww3.sinaimg.cn/thumbnail/7fc2a50fgw1ealk2fcv6rj20c80ihacq.jpg' ] },
  { content: '【“太空海啸”帮你提前20分钟逃命！】可曾想过，大地震来临时，距地表300公里外的太空，同样发生了剧烈震动？第三届全球华人空间天气科学大会上，台湾学者刘正彦所作的“地震的电离层天气效应”报告证实了地球与太空的“同震效应”，这一研究成果将有助于指导震后救灾和海啸预警…http://t.cn/8DFLabR',
    time: '1384483678000',
    from: '专业版微博',
    commentNum: '1',
    zhuanfaNum: '10',
    img: [ 'http://ww2.sinaimg.cn/thumbnail/7fc2a50fgw1ealih38rzlj20dc0a0q3f.jpg' ] },
  { content: '【3.9℃！城口创今秋重庆最低温】昨天，山城大部停雨，局地还有阳光洒下，各地气温也出现了小幅回升，最高温都在15℃以上，其中东北部的开县、巫山、巫溪、云阳还冲破了20℃。不过各地早晚依旧冷飕飕，城口、巫溪、梁平、酉阳、秀山最低温纷纷跌破10℃，其中城口仅3.9℃，创下今秋全市最低温！',
    time: '1384480360000',
    from: '微博桌面',
    commentNum: '4',
    zhuanfaNum: '17',
    img: [ 'http://ww3.sinaimg.cn/thumbnail/7fc2a50fjw1ealgv89c1tj20oy1yvnpd.jpg' ] },
  { content: '【小伙伴们，再忍今天！明天约见阳光】今天白天到夜间：各地阴天为主，中西部偏南地区有零星小雨，气温11～20℃，城口及东南部7～18℃，相对湿度60%～90%。||明天白天到夜间：各地阴天间多云，平坝河谷地区有雾，气温11～21℃，城口及东南部7～19℃，相对湿度50%～80%。',
    time: '1384478427000',
    from: '微博桌面',
    commentNum: '3',
    zhuanfaNum: '27',
    img: [ 'http://ww3.sinaimg.cn/thumbnail/7fc2a50fjw1ealfxub0qwj20ee0h8jv4.jpg' ] } ]

=== 云南气象 ===

[ { content: '【全省天气】11月15日08时--11月15日20时：昭通、曲靖、文山、红河、普洱东部、西双版纳小雨；其它地区多云。 11月15日20时--11月16日08时：昭通、曲靖、文山、红河、普洱中部以南、西双版纳小雨；其它地区多云。',
    time: '1384478463000',
    from: '专业版微博',
    commentNum: 0,
    zhuanfaNum: 0,
    img: [ 'http://ww2.sinaimg.cn/thumbnail/9a8ac8c8gw1ealfy841a2j205k03cq2w.jpg' ] },
  { content: '【全省天气】11月14日20时--11月15日08时：昭通、曲靖、文山小雨；临沧中部以西、德宏、保山、大理中部以南、怒江中部以南阴；丽江北部晴；其它地区多云。 11月15日08时--11月15日20时：昭通、曲靖、文山、红河东部小雨；普洱西部、临沧、德宏、保山、大理、丽江中部以南、迪庆、怒江阴；其它地区多云',
    time: '1384420163000',
    from: '专业版微博',
    commentNum: 0,
    zhuanfaNum: '1',
    img: [ 'http://ww1.sinaimg.cn/thumbnail/9a8ac8c8gw1eaknvlw7q5j205k03ddfs.jpg' ] },
  { content: '[世界糖尿病日]由世界卫生组织和国际糖尿病联盟于1991年共同发起，确定11月14日为世界糖尿病日。其意义在于要使世界所有国家加强对糖尿病的宣传教育、防治和监测，更加关心糖尿病患者的工作与生活，更好地为人类健康服务。',
    time: '1384398160000',
    from: '专业版微博',
    commentNum: 0,
    zhuanfaNum: '2',
    img: [ 'http://ww2.sinaimg.cn/thumbnail/9a8ac8c8gw1eakda2ptulj207k06et8p.jpg' ] },
  { content: '【全省天气】11月14日08时--11月14日20时：昆明东部、昭通、曲靖、文山、红河、玉溪小雨；昆明中部以西、楚雄阴；其它地区晴。 11月14日20时--11月15日08时：昆明、昭通、曲靖、文山、红河、玉溪、楚雄东部小雨；楚雄中部以西阴；其它地区晴。',
    time: '1384390644000',
    from: '专业版微博',
    commentNum: 0,
    zhuanfaNum: '3',
    img: [ 'http://ww4.sinaimg.cn/thumbnail/9a8ac8c8gw1eak9nq4j7sj205k03p748.jpg' ] },
  { content: '【全省天气】11月13日20时--11月14日08时：昭通、曲靖中部以东、文山、红河东部小雨；西双版纳、临沧北部、德宏东部、保山阴；楚雄西部、临沧南部、大理北部、丽江、迪庆、怒江晴；其它地区多云。',
    time: '1384334405000',
    from: '专业版微博',
    commentNum: 0,
    zhuanfaNum: '3',
    img: [] } ]

=== 辽宁气象 ===

[ { content: '大雾橙色预警:预计15日中午到傍晚,普兰店东部、庄河、长海地区及周边海域局部有浓雾,能见度小于200米。请注意防范。省气象灾害预警中心11月15日11时00分发布',
    time: '1384484582000',
    from: '辽宁气象',
    commentNum: 0,
    zhuanfaNum: '3',
    img: [ 'http://ww1.sinaimg.cn/thumbnail/7427915cjw1ealiwt785jg202m029dfn.gif' ] },
  { content: '解除大雾黄色预警:目前岫岩县,清原县,本溪市区,丹东市区、东港市、凤城市、宽甸县能见度已达1000米以上,解除上述地区大雾黄色预警信号。省气象灾害预警中心11月15日09时50分发布',
    time: '1384480589000',
    from: '辽宁气象',
    commentNum: 0,
    zhuanfaNum: '1',
    img: [] },
  { content: '大雾橙色预警:预计15日上午,普兰店东部、庄河地区局部有浓雾,能见度小于200米。请注意防范。省气象灾害预警中心11月15日8时45分发布',
    time: '1384476898000',
    from: '辽宁气象',
    commentNum: '1',
    zhuanfaNum: '4',
    img: [ 'http://ww4.sinaimg.cn/thumbnail/7427915cjw1ealf7jne20g202m029dfn.gif' ] },
  { content: '分享图片',
    time: '1384466976000',
    from: '专业版微博',
    commentNum: 0,
    zhuanfaNum: '5',
    img: [ 'http://ww4.sinaimg.cn/thumbnail/7427915cjw1ealafg49nxj20g107q0tg.jpg' ] },
  { content: '大雾黄色预警:预计未来4到6小时内,清原县、本溪市区将出现能见度小于500米的浓雾,请注意防范。省气象灾害预警中心11月15日03时00分发布',
    time: '1384455835000',
    from: '辽宁气象',
    commentNum: 0,
    zhuanfaNum: '7',
    img: [ 'http://ww1.sinaimg.cn/thumbnail/7427915cjw1eal529qgitg202m029glf.gif' ] } ]

=== 福建气象 ===

[ { content: '#天气预报#【省气象台11月15日05时 发布】今天白天，宁德、福州两市阴天间多云，局部有小雨；其余各市阴到多云。今天夜间，全省阴到多云。16日白天到夜间，全省多云。17日白天到夜间，全省多云到晴。',
    time: '1384472993000',
    from: '专业版微博',
    commentNum: '1',
    zhuanfaNum: '1',
    img: [] },
  { content: '#天气预报#【省气象台11月14日22时 发布】今天夜间，南平、宁德、福州三市阴，局部有小雨；其余各市阴到多云。15日，宁德、福州两市阴天间多云，局部有小雨；其余各市多云。',
    time: '1384437037000',
    from: '专业版微博',
    commentNum: 0,
    zhuanfaNum: '1',
    img: [] },
  { content: '#天气预报#【省气象台11月14日12时 发布】今天下午，南平、三明、宁德、福州四市阴，部分有小雨；其余各市阴天间多云，局部有小雨。今天夜间，宁德、福州两市阴，部分有小雨；其余各市阴到多云，局部小雨。15日白天，宁德、福州两市阴天间多云，局部有小雨；其余各市阴到多云。',
    time: '1384402725000',
    from: '专业版微博',
    commentNum: '1',
    zhuanfaNum: '1',
    img: [] },
  { content: '#天气预报#【省气象台11月13日17时 发布】今天夜间，南平、三明、龙岩、宁德、福州五市阴，部分有小雨；其余各市阴天间多云，局部有小雨。14日白天，南平、三明、宁德、福州四市阴，部分有小雨；其余各市阴天间多云，局部有小雨。14日夜间到15日白天，沿海各市阴，部分有小雨，内陆各市阴到多云。',
    time: '1384333856000',
    from: '专业版微博',
    commentNum: 0,
    zhuanfaNum: '2',
    img: [] },
  { content: '#天气预报#【省气象台11月13日12时 发布】今天下午，全省阴有小雨，宁德、福州两市的局部有中雨。今天夜间，全省阴有小雨。14日白天，南平、三明、龙岩、宁德、福州五市阴，部分有小雨；其余各市阴天间多云，局部有小雨。14日夜间到15日白天，沿海各市阴，部分有小雨，内陆各市阴到多云。',
    time: '1384314116000',
    from: '专业版微博',
    commentNum: 0,
    zhuanfaNum: 0,
    img: [] } ]

=== 上海市天气 ===

[ { content: '【阳光“霾”于朦胧后 白天气温回升】今天本市晴到多云，11时全市气温都升至15℃上下。由于风力不大，受到西北气流输送和本地污染累积共同影响，颗粒物浓度明显上升，全市出现了轻度霾，由于空气污染气象条件为较差等级，不利于空气污染物稀释、扩散和清除，轻度霾的天气将维持。',
    time: '1384485913000',
    from: '专业版微博',
    commentNum: '8',
    zhuanfaNum: '14',
    img: [] },
  { content: '【上海市空气污染气象条件预报】',
    time: '1384475038000',
    from: '专业版微博',
    commentNum: '11',
    zhuanfaNum: '33',
    img: [ 'http://ww4.sinaimg.cn/thumbnail/9d1b679fgw1ealeb9smj8j20qy0ingog.jpg' ] },
  { content: '【今日晴到多云 霾笼申城】晨间凉意较浓，07时30分中心城区徐家汇11.4℃，各区县气温普遍在9-11℃。今天申城为晴到多云的天气，3-4级西北风相伴。白天最高气温较昨日有小幅回升，在18℃左右。不过，天空灰蒙，霾再现，预计今明天本市有轻度霾。',
    time: '1384472566000',
    from: '专业版微博',
    commentNum: '6',
    zhuanfaNum: '27',
    img: [] },
  { content: '【明后天小幅升温 周日再“战”冷空气】本周后期申城多云天气为主，明后天气温小幅回升，周六（16日）最高气温可接近20℃。周日受冷空气影响，本市又将迎来一次较为明显的大风、降温天气，预计周日最高气温16℃，而下周初（18-19日）早晚的气温将降至10℃以下。另外，今天下半夜到明天有轻度雾霾。',
    time: '1384433655000',
    from: '专业版微博',
    commentNum: '6',
    zhuanfaNum: '25',
    img: [ 'http://ww2.sinaimg.cn/thumbnail/9d1b679fgw1eakudlfwtvj20pr065js2.jpg' ] },
  { content: '【上海市空气污染气象条件预报】',
    time: '1384430826000',
    from: '专业版微博',
    commentNum: '8',
    zhuanfaNum: '26',
    img: [ 'http://ww2.sinaimg.cn/thumbnail/9d1b679fgw1eakt0ks7njj20rj0j741q.jpg' ] } ]

=== 湖北天气 ===

[ { content: '【气象科普-“团雾”防范】1、如果观察到有团雾发生，应减速就近驶离高速公路暂避，等待团雾消散。2、车辆一旦进入团雾区，应立即减速，打开所有车灯，切记不能就地停车，然后就近缓慢驶离高速公路暂避。3、如果不能驶离高速公路，应选择紧急停车带，开启报警闪光灯和放置停车警告装置，等待团雾消散。',
    time: '1384475567000',
    from: '专业版微博',
    commentNum: '1',
    zhuanfaNum: '6',
    img: [ 'http://ww3.sinaimg.cn/thumbnail/8e1b4952gw1ealekc6avnj20dc0a0wej.jpg' ] },
  { content: '【武汉市天气预报】今天白天：晴天到多云。 今天晚上：晴天转多云。今天最高气温：19℃，湿度：50-95％, 风：偏北风2到3级。气象相关问题解答、效果反馈、投诉建议等请拨打400-6000-121。',
    time: '1384475217000',
    from: '专业版微博',
    commentNum: 0,
    zhuanfaNum: '1',
    img: [] },
  { content: '【湖北省天气预报】今天白天：恩施地区多云；其他地区晴天到多云,鄂东南早晨局部有雾。今天晚上：恩施地区多云；其他地区晴天转多云。偏北风2到3级。今天最高气温：大部地区18-21℃，今天日平均气温：大部地区11-14℃。',
    time: '1384475206000',
    from: '专业版微博',
    commentNum: 0,
    zhuanfaNum: 0,
    img: [] },
  { content: '【武汉市天气预报】今天晚上：多云到晴天。明天白天：晴天到多云。明天最高温度：19℃, 明天最低温度：5℃。湿度：50-95％, 风：偏北风2到3级。气象相关问题解答、效果反馈、投诉建议等请拨打400-6000-121。',
    time: '1384414572000',
    from: '专业版微博',
    commentNum: 0,
    zhuanfaNum: '1',
    img: [] },
  { content: '【湖北省天气预报】今天晚上：恩施地区多云；其他地区多云到晴天。明天白天：恩施地区多云；其他地区晴天到多云。风：偏北风2到3级，明天最高气温：大部地区18-21℃，明天最低气温：鄂西南9-11℃；其他地区5-8℃，明天日平均气温：大部地区11-14℃。',
    time: '1384414553000',
    from: '专业版微博',
    commentNum: 0,
    zhuanfaNum: 0,
    img: [] } ]
==== 共 34 个微博，总用时  15117  ms ===
